#
# A fatal error has been detected by the Java Runtime Environment:
#
#  SIGSEGV (0xb) at pc=0x00007f6b717b2020, pid=17246, tid=0x00007f6b7f8f1700
#
# JRE version: Java(TM) SE Runtime Environment (8.0_162-b12) (build 1.8.0_162-b12)
# Java VM: Java HotSpot(TM) 64-Bit Server VM (25.162-b12 mixed mode linux-amd64 compressed oops)
# Problematic frame:
# C  0x00007f6b717b2020
#
# Failed to write core dump. Core dumps have been disabled. To enable core dumping, try "ulimit -c unlimited" before starting Java again
#
# If you would like to submit a bug report, please visit:
#   http://bugreport.java.com/bugreport/crash.jsp
#

---------------  T H R E A D  ---------------

Current thread (0x00007f6bc0e30000):  JavaThread "qtp817490653-18" [_thread_in_Java, id=17268, stack(0x00007f6b7f7f1000,0x00007f6b7f8f2000)]

siginfo: si_signo: 11 (SIGSEGV), si_code: 2 (SEGV_ACCERR), si_addr: 0x00007f6b717b2020

Registers:
RAX=0x00007f6bad65f548, RBX=0x00007f6bad65f548, RCX=0x00000000f0dd86a0, RDX=0x0000000040500001
RSP=0x00007f6b7f8f04f8, RBP=0x00007f6b7f8f0560, RSI=0x00000000f0dd86a0, RDI=0x0000000000000030
R8 =0x00000000f0e0c808, R9 =0x00000000f0e0c808, R10=0x00007f6bc5bf5820, R11=0x00007f6bb10bf7a0
R12=0x0000000000000000, R13=0x00007f6b7f8f0510, R14=0x00007f6b7f8f05b0, R15=0x00007f6bc0e30000
RIP=0x00007f6b717b2020, EFLAGS=0x0000000000010206, CSGSFS=0x0000000000000033, ERR=0x0000000000000014
  TRAPNO=0x000000000000000e

Top of Stack: (sp=0x00007f6b7f8f04f8)
0x00007f6b7f8f04f8:   00007f6bb07b4a40 00007f6bb07b4700
0x00007f6b7f8f0508:   00007f6bb07b4a40 00000000f0dd86a0
0x00007f6b7f8f0518:   00000000f0dd2a40 00007f6b7f8f0520
0x00007f6b7f8f0528:   00007f6b7ee73879 00007f6b7f8f05b0
0x00007f6b7f8f0538:   00007f6b7ee75c10 0000000000000000
0x00007f6b7f8f0548:   00007f6b7ee73a20 00007f6b7f8f0510
0x00007f6b7f8f0558:   00007f6b7f8f05a8 00007f6b7f8f05f8
0x00007f6b7f8f0568:   00007f6bb07b47d0 000000000000002c
0x00007f6b7f8f0578:   000000000000015a 0000000000000000
0x00007f6b7f8f0588:   00000000c2b51498 00000000f0dd29a8
0x00007f6b7f8f0598:   0000000000000039 0000000000000000
0x00007f6b7f8f05a8:   00000000f0dea890 00000000f0dd2a40
0x00007f6b7f8f05b8:   00007f6b7f8f05b8 00007f6b7ee73c4e
0x00007f6b7f8f05c8:   00007f6b7f8f0618 00007f6b7ee75c10
0x00007f6b7f8f05d8:   0000000000000000 00007f6b7ee74028
0x00007f6b7f8f05e8:   00007f6b7f8f05a8 00007f6b7f8f0610
0x00007f6b7f8f05f8:   00007f6b7f8f0660 00007f6bb07b47d0
0x00007f6b7f8f0608:   0000000000000000 00000000f0dea890
0x00007f6b7f8f0618:   00000000f0dd2a40 00007f6b7f8f0620
0x00007f6b7f8f0628:   00007f6b7f391b1b 00007f6b7f8f0698
0x00007f6b7f8f0638:   00007f6b7f423d28 0000000000000000
0x00007f6b7f8f0648:   00007f6b7f391cd0 00007f6b7f8f0610
0x00007f6b7f8f0658:   00007f6b7f8f0698 00007f6b7f8f06e0
0x00007f6b7f8f0668:   00007f6bb07b4ffd 0000000000000000
0x00007f6b7f8f0678:   0000000000000000 0000000000000000
0x00007f6b7f8f0688:   00000000000001e3 0000000000000000
0x00007f6b7f8f0698:   00000000f04e6238 00007f6b7f8f06a0
0x00007f6b7f8f06a8:   00007f6b7f42539c 00007f6b7f8f0708
0x00007f6b7f8f06b8:   00007f6b7f4254d0 0000000000000000
0x00007f6b7f8f06c8:   00007f6b7f425438 00007f6b7f8f0698
0x00007f6b7f8f06d8:   00007f6b7f8f0708 00007f6b7f8f0750
0x00007f6b7f8f06e8:   00007f6bb07b5042 0000000000000000 

Instructions: (pc=0x00007f6b717b2020)
0x00007f6b717b2000:   
[error occurred during error reporting (printing registers, top of stack, instructions near pc), id 0xb]

Register to memory mapping:

RAX={method} {0x00007f6bad65f548} 'length' '()I' in 'java/lang/StringBuilder'
RBX={method} {0x00007f6bad65f548} 'length' '()I' in 'java/lang/StringBuilder'
RCX=0x00000000f0dd86a0 is an oop
java.lang.StringBuilder 
 - klass: 'java/lang/StringBuilder'
RDX=0x0000000040500001 is an unknown value
RSP=0x00007f6b7f8f04f8 is pointing into the stack for thread: 0x00007f6bc0e30000
RBP=0x00007f6b7f8f0560 is pointing into the stack for thread: 0x00007f6bc0e30000
RSI=0x00000000f0dd86a0 is an oop
java.lang.StringBuilder 
 - klass: 'java/lang/StringBuilder'
RDI=0x0000000000000030 is an unknown value
R8 =0x00000000f0e0c808 is an oop
[C 
 - klass: {type array char}
 - length: 142
R9 =0x00000000f0e0c808 is an oop
[C 
 - klass: {type array char}
 - length: 142
R10=0x00007f6bc5bf5820: <offset 0xfd2820> in /opt/java/jdk1.8.0_162/jre/lib/amd64/server/libjvm.so at 0x00007f6bc4c23000
R11=0x00007f6bb10bf7a0 is at entry_point+32 in (nmethod*)0x00007f6bb10bf610
R12=0x0000000000000000 is an unknown value
R13=0x00007f6b7f8f0510 is pointing into the stack for thread: 0x00007f6bc0e30000
R14=0x00007f6b7f8f05b0 is pointing into the stack for thread: 0x00007f6bc0e30000
R15=0x00007f6bc0e30000 is a thread


Stack: [0x00007f6b7f7f1000,0x00007f6b7f8f2000],  sp=0x00007f6b7f8f04f8,  free space=1021k
Native frames: (J=compiled Java code, j=interpreted, Vv=VM code, C=native code)
C  0x00007f6b717b2020
j  org.eclipse.jetty.http.HttpParser.parseNext(Ljava/nio/ByteBuffer;)Z+158
j  org.eclipse.jetty.server.HttpConnection.onFillable()V+179
j  org.eclipse.jetty.io.AbstractConnection$2.run()V+4
j  org.eclipse.jetty.util.thread.QueuedThreadPool.runJob(Ljava/lang/Runnable;)V+1
j  org.eclipse.jetty.util.thread.QueuedThreadPool$3.run()V+75
j  java.lang.Thread.run()V+11
v  ~StubRoutines::call_stub
V  [libjvm.so+0x695b86]  JavaCalls::call_helper(JavaValue*, methodHandle*, JavaCallArguments*, Thread*)+0x1056
V  [libjvm.so+0x696091]  JavaCalls::call_virtual(JavaValue*, KlassHandle, Symbol*, Symbol*, JavaCallArguments*, Thread*)+0x321
V  [libjvm.so+0x696537]  JavaCalls::call_virtual(JavaValue*, Handle, KlassHandle, Symbol*, Symbol*, Thread*)+0x47
V  [libjvm.so+0x731d60]  thread_entry(JavaThread*, Thread*)+0xa0
V  [libjvm.so+0xa7ede3]  JavaThread::thread_main_inner()+0x103
V  [libjvm.so+0xa7ef2c]  JavaThread::run()+0x11c
V  [libjvm.so+0x92dcc8]  java_start(Thread*)+0x108
C  [libpthread.so.0+0x76ba]  start_thread+0xca


---------------  P R O C E S S  ---------------

Java Threads: ( => current thread )
  0x00007f6bc032c000 JavaThread "Scanner-0" daemon [_thread_blocked, id=17277, stack(0x00007f6b7f044000,0x00007f6b7f145000)]
  0x00007f6bc063e800 JavaThread "org.eclipse.jetty.server.session.HashSessionManager@7351a16eTimer" daemon [_thread_blocked, id=17276, stack(0x00007f6b7f145000,0x00007f6b7f246000)]
  0x00007f6bc0e32000 JavaThread "qtp817490653-19" [_thread_blocked, id=17269, stack(0x00007f6b7f6f0000,0x00007f6b7f7f1000)]
=>0x00007f6bc0e30000 JavaThread "qtp817490653-18" [_thread_in_Java, id=17268, stack(0x00007f6b7f7f1000,0x00007f6b7f8f2000)]
  0x00007f6bc0e2e000 JavaThread "qtp817490653-17" [_thread_blocked, id=17267, stack(0x00007f6b7f8f2000,0x00007f6b7f9f3000)]
  0x00007f6bc0e2c000 JavaThread "qtp817490653-16" [_thread_blocked, id=17266, stack(0x00007f6b7f9f3000,0x00007f6b7faf4000)]
  0x00007f6bc0e2a000 JavaThread "qtp817490653-15-acceptor-0@550f1736-ServerConnector@72d0655{HTTP/1.1}{127.0.0.1:49000}" [_thread_in_native, id=17265, stack(0x00007f6b7faf4000,0x00007f6b7fbf5000)]
  0x00007f6bc0e28000 JavaThread "qtp817490653-14" [_thread_blocked, id=17264, stack(0x00007f6b7fbf5000,0x00007f6b7fcf6000)]
  0x00007f6bc0e24000 JavaThread "qtp817490653-13" [_thread_blocked, id=17263, stack(0x00007f6b7fcf6000,0x00007f6b7fdf7000)]
  0x00007f6bc0e23000 JavaThread "qtp817490653-12-selector-ServerConnectorManager@12b76d55/0" [_thread_in_vm, id=17262, stack(0x00007f6b8402f000,0x00007f6b84130000)]
  0x00007f6bc05f1000 JavaThread "process reaper" daemon [_thread_blocked, id=17260, stack(0x00007f6b87a9e000,0x00007f6b87ad7000)]
  0x00007f6bc00bb000 JavaThread "Service Thread" daemon [_thread_blocked, id=17257, stack(0x00007f6bac102000,0x00007f6bac203000)]
  0x00007f6bc00b8000 JavaThread "C1 CompilerThread1" daemon [_thread_in_vm, id=17256, stack(0x00007f6bac203000,0x00007f6bac304000)]
  0x00007f6bc00b5800 JavaThread "C2 CompilerThread0" daemon [_thread_blocked, id=17255, stack(0x00007f6bac304000,0x00007f6bac405000)]
  0x00007f6bc00b4000 JavaThread "Signal Dispatcher" daemon [_thread_blocked, id=17254, stack(0x00007f6bac405000,0x00007f6bac506000)]
  0x00007f6bc0080800 JavaThread "Finalizer" daemon [_thread_blocked, id=17253, stack(0x00007f6bac7de000,0x00007f6bac8df000)]
  0x00007f6bc007c000 JavaThread "Reference Handler" daemon [_thread_blocked, id=17252, stack(0x00007f6bac8df000,0x00007f6bac9e0000)]
  0x00007f6bc000a800 JavaThread "main" [_thread_blocked, id=17248, stack(0x00007f6bc6718000,0x00007f6bc6819000)]

Other Threads:
  0x00007f6bc0074000 VMThread [stack: 0x00007f6bac9e0000,0x00007f6bacae1000] [id=17251]
  0x00007f6bc00c0000 WatcherThread [stack: 0x00007f6bac001000,0x00007f6bac102000] [id=17258]

VM state:not at safepoint (normal execution)

VM Mutex/Monitor currently owned by a thread:  ([mutex/lock_event])
[0x00007f6bc0007350] CompiledIC_lock - owner thread: 0x00007f6bc00b8000

Heap:
 PSYoungGen      total 292352K, used 133180K [0x00000000eb700000, 0x0000000100000000, 0x0000000100000000)
  eden space 247808K, 36% used [0x00000000eb700000,0x00000000f0f07600,0x00000000fa900000)
  from space 44544K, 96% used [0x00000000fa900000,0x00000000fd307ba8,0x00000000fd480000)
  to   space 44544K, 0% used [0x00000000fd480000,0x00000000fd480000,0x0000000100000000)
 ParOldGen       total 143360K, used 108370K [0x00000000c2400000, 0x00000000cb000000, 0x00000000eb700000)
  object space 143360K, 75% used [0x00000000c2400000,0x00000000c8dd49d0,0x00000000cb000000)
 Metaspace       used 22898K, capacity 23430K, committed 23552K, reserved 1071104K
  class space    used 2598K, capacity 2779K, committed 2816K, reserved 1048576K

Card table byte_map: [0x00007f6bb01fe000,0x00007f6bb03ed000] byte_map_base: 0x00007f6bafbec000

Marking Bits: (ParMarkBitMap*) 0x00007f6bc5bf2ca0
 Begin Bits: [0x00007f6badfd2000, 0x00007f6baef42000)
 End Bits:   [0x00007f6baef42000, 0x00007f6bafeb2000)

Polling page: 0x00007f6bc6844000

CodeCache: size=245760Kb used=12615Kb max_used=13502Kb free=233144Kb
 bounds [0x00007f6bb07ad000, 0x00007f6bb151d000, 0x00007f6bbf7ad000]
 total_blobs=4315 nmethods=3945 adapters=285
 compilation: enabled

Compilation events (10 events):
Event: 60.049 Thread 0x00007f6bc00b5800 4877       4       java.lang.reflect.ReflectAccess::copyConstructor (5 bytes)
Event: 60.050 Thread 0x00007f6bc00b5800 nmethod 4877 0x00007f6bb08c7850 code [0x00007f6bb08c79a0, 0x00007f6bb08c7b38]
Event: 60.082 Thread 0x00007f6bc00b8000 4878       3       org.eclipse.jetty.util.ArrayTrie::put (256 bytes)
Event: 60.083 Thread 0x00007f6bc00b8000 nmethod 4878 0x00007f6bb0b49ad0 code [0x00007f6bb0b49d00, 0x00007f6bb0b4ac38]
Event: 60.083 Thread 0x00007f6bc00b8000 4879       1       org.eclipse.jetty.http.HttpHeader::asString (5 bytes)
Event: 60.083 Thread 0x00007f6bc00b8000 nmethod 4879 0x00007f6bb092fa90 code [0x00007f6bb092fbe0, 0x00007f6bb092fcf0]
Event: 60.084 Thread 0x00007f6bc00b8000 4880       3       java.util.concurrent.CopyOnWriteArrayList$COWIterator::next (32 bytes)
Event: 60.084 Thread 0x00007f6bc00b8000 nmethod 4880 0x00007f6bb0a5f610 code [0x00007f6bb0a5f7a0, 0x00007f6bb0a5fb48]
Event: 60.086 Thread 0x00007f6bc00b5800 4881       4       java.lang.StringBuilder::length (5 bytes)
Event: 60.086 Thread 0x00007f6bc00b5800 nmethod 4881 0x00007f6bb13ca390 code [0x00007f6bb13ca4e0, 0x00007f6bb13ca538]

GC Heap History (10 events):
Event: 31.846 GC heap before
{Heap before GC invocations=81 (full 4):
 PSYoungGen      total 292352K, used 290069K [0x00000000eb700000, 0x0000000100000000, 0x0000000100000000)
  eden space 247808K, 100% used [0x00000000eb700000,0x00000000fa900000,0x00000000fa900000)
  from space 44544K, 94% used [0x00000000fd480000,0x00000000ffdc5648,0x0000000100000000)
  to   space 44544K, 0% used [0x00000000fa900000,0x00000000fa900000,0x00000000fd480000)
 ParOldGen       total 143360K, used 102107K [0x00000000c2400000, 0x00000000cb000000, 0x00000000eb700000)
  object space 143360K, 71% used [0x00000000c2400000,0x00000000c87b6d08,0x00000000cb000000)
 Metaspace       used 20631K, capacity 21138K, committed 21504K, reserved 1069056K
  class space    used 2317K, capacity 2473K, committed 2560K, reserved 1048576K
Event: 31.929 GC heap after
Heap after GC invocations=81 (full 4):
 PSYoungGen      total 292352K, used 42878K [0x00000000eb700000, 0x0000000100000000, 0x0000000100000000)
  eden space 247808K, 0% used [0x00000000eb700000,0x00000000eb700000,0x00000000fa900000)
  from space 44544K, 96% used [0x00000000fa900000,0x00000000fd2df848,0x00000000fd480000)
  to   space 44544K, 0% used [0x00000000fd480000,0x00000000fd480000,0x0000000100000000)
 ParOldGen       total 143360K, used 103545K [0x00000000c2400000, 0x00000000cb000000, 0x00000000eb700000)
  object space 143360K, 72% used [0x00000000c2400000,0x00000000c891e428,0x00000000cb000000)
 Metaspace       used 20631K, capacity 21138K, committed 21504K, reserved 1069056K
  class space    used 2317K, capacity 2473K, committed 2560K, reserved 1048576K
}
Event: 32.261 GC heap before
{Heap before GC invocations=82 (full 4):
 PSYoungGen      total 292352K, used 290686K [0x00000000eb700000, 0x0000000100000000, 0x0000000100000000)
  eden space 247808K, 100% used [0x00000000eb700000,0x00000000fa900000,0x00000000fa900000)
  from space 44544K, 96% used [0x00000000fa900000,0x00000000fd2df848,0x00000000fd480000)
  to   space 44544K, 0% used [0x00000000fd480000,0x00000000fd480000,0x0000000100000000)
 ParOldGen       total 143360K, used 103545K [0x00000000c2400000, 0x00000000cb000000, 0x00000000eb700000)
  object space 143360K, 72% used [0x00000000c2400000,0x00000000c891e428,0x00000000cb000000)
 Metaspace       used 20631K, capacity 21138K, committed 21504K, reserved 1069056K
  class space    used 2317K, capacity 2473K, committed 2560K, reserved 1048576K
Event: 32.346 GC heap after
Heap after GC invocations=82 (full 4):
 PSYoungGen      total 292352K, used 43394K [0x00000000eb700000, 0x0000000100000000, 0x0000000100000000)
  eden space 247808K, 0% used [0x00000000eb700000,0x00000000eb700000,0x00000000fa900000)
  from space 44544K, 97% used [0x00000000fd480000,0x00000000ffee0990,0x0000000100000000)
  to   space 44544K, 0% used [0x00000000fa900000,0x00000000fa900000,0x00000000fd480000)
 ParOldGen       total 143360K, used 105009K [0x00000000c2400000, 0x00000000cb000000, 0x00000000eb700000)
  object space 143360K, 73% used [0x00000000c2400000,0x00000000c8a8c6d0,0x00000000cb000000)
 Metaspace       used 20631K, capacity 21138K, committed 21504K, reserved 1069056K
  class space    used 2317K, capacity 2473K, committed 2560K, reserved 1048576K
}
Event: 32.679 GC heap before
{Heap before GC invocations=83 (full 4):
 PSYoungGen      total 292352K, used 291202K [0x00000000eb700000, 0x0000000100000000, 0x0000000100000000)
  eden space 247808K, 100% used [0x00000000eb700000,0x00000000fa900000,0x00000000fa900000)
  from space 44544K, 97% used [0x00000000fd480000,0x00000000ffee0990,0x0000000100000000)
  to   space 44544K, 0% used [0x00000000fa900000,0x00000000fa900000,0x00000000fd480000)
 ParOldGen       total 143360K, used 105009K [0x00000000c2400000, 0x00000000cb000000, 0x00000000eb700000)
  object space 143360K, 73% used [0x00000000c2400000,0x00000000c8a8c6d0,0x00000000cb000000)
 Metaspace       used 20631K, capacity 21138K, committed 21504K, reserved 1069056K
  class space    used 2317K, capacity 2473K, committed 2560K, reserved 1048576K
Event: 32.763 GC heap after
Heap after GC invocations=83 (full 4):
 PSYoungGen      total 292352K, used 42424K [0x00000000eb700000, 0x0000000100000000, 0x0000000100000000)
  eden space 247808K, 0% used [0x00000000eb700000,0x00000000eb700000,0x00000000fa900000)
  from space 44544K, 95% used [0x00000000fa900000,0x00000000fd26e2c0,0x00000000fd480000)
  to   space 44544K, 0% used [0x00000000fd480000,0x00000000fd480000,0x0000000100000000)
 ParOldGen       total 143360K, used 106510K [0x00000000c2400000, 0x00000000cb000000, 0x00000000eb700000)
  object space 143360K, 74% used [0x00000000c2400000,0x00000000c8c03ad8,0x00000000cb000000)
 Metaspace       used 20631K, capacity 21138K, committed 21504K, reserved 1069056K
  class space    used 2317K, capacity 2473K, committed 2560K, reserved 1048576K
}
Event: 33.091 GC heap before
{Heap before GC invocations=84 (full 4):
 PSYoungGen      total 292352K, used 290232K [0x00000000eb700000, 0x0000000100000000, 0x0000000100000000)
  eden space 247808K, 100% used [0x00000000eb700000,0x00000000fa900000,0x00000000fa900000)
  from space 44544K, 95% used [0x00000000fa900000,0x00000000fd26e2c0,0x00000000fd480000)
  to   space 44544K, 0% used [0x00000000fd480000,0x00000000fd480000,0x0000000100000000)
 ParOldGen       total 143360K, used 106510K [0x00000000c2400000, 0x00000000cb000000, 0x00000000eb700000)
  object space 143360K, 74% used [0x00000000c2400000,0x00000000c8c03ad8,0x00000000cb000000)
 Metaspace       used 20631K, capacity 21138K, committed 21504K, reserved 1069056K
  class space    used 2317K, capacity 2473K, committed 2560K, reserved 1048576K
Event: 33.173 GC heap after
Heap after GC invocations=84 (full 4):
 PSYoungGen      total 292352K, used 42198K [0x00000000eb700000, 0x0000000100000000, 0x0000000100000000)
  eden space 247808K, 0% used [0x00000000eb700000,0x00000000eb700000,0x00000000fa900000)
  from space 44544K, 94% used [0x00000000fd480000,0x00000000ffdb59a0,0x0000000100000000)
  to   space 44544K, 0% used [0x00000000fa900000,0x00000000fa900000,0x00000000fd480000)
 ParOldGen       total 143360K, used 106914K [0x00000000c2400000, 0x00000000cb000000, 0x00000000eb700000)
  object space 143360K, 74% used [0x00000000c2400000,0x00000000c8c68af8,0x00000000cb000000)
 Metaspace       used 20631K, capacity 21138K, committed 21504K, reserved 1069056K
  class space    used 2317K, capacity 2473K, committed 2560K, reserved 1048576K
}
Event: 33.503 GC heap before
{Heap before GC invocations=85 (full 4):
 PSYoungGen      total 292352K, used 290006K [0x00000000eb700000, 0x0000000100000000, 0x0000000100000000)
  eden space 247808K, 100% used [0x00000000eb700000,0x00000000fa900000,0x00000000fa900000)
  from space 44544K, 94% used [0x00000000fd480000,0x00000000ffdb59a0,0x0000000100000000)
  to   space 44544K, 0% used [0x00000000fa900000,0x00000000fa900000,0x00000000fd480000)
 ParOldGen       total 143360K, used 106914K [0x00000000c2400000, 0x00000000cb000000, 0x00000000eb700000)
  object space 143360K, 74% used [0x00000000c2400000,0x00000000c8c68af8,0x00000000cb000000)
 Metaspace       used 20631K, capacity 21138K, committed 21504K, reserved 1069056K
  class space    used 2317K, capacity 2473K, committed 2560K, reserved 1048576K
Event: 33.585 GC heap after
Heap after GC invocations=85 (full 4):
 PSYoungGen      total 292352K, used 43038K [0x00000000eb700000, 0x0000000100000000, 0x0000000100000000)
  eden space 247808K, 0% used [0x00000000eb700000,0x00000000eb700000,0x00000000fa900000)
  from space 44544K, 96% used [0x00000000fa900000,0x00000000fd307ba8,0x00000000fd480000)
  to   space 44544K, 0% used [0x00000000fd480000,0x00000000fd480000,0x0000000100000000)
 ParOldGen       total 143360K, used 108370K [0x00000000c2400000, 0x00000000cb000000, 0x00000000eb700000)
  object space 143360K, 75% used [0x00000000c2400000,0x00000000c8dd49d0,0x00000000cb000000)
 Metaspace       used 20631K, capacity 21138K, committed 21504K, reserved 1069056K
  class space    used 2317K, capacity 2473K, committed 2560K, reserved 1048576K
}

Deoptimization events (10 events):
Event: 33.860 Thread 0x00007f6bc000a800 Uncommon trap: reason=class_check action=maybe_recompile pc=0x00007f6bb1460678 method=java.util.regex.Pattern$Branch.match(Ljava/util/regex/Matcher;ILjava/lang/CharSequence;)Z @ 50
Event: 33.860 Thread 0x00007f6bc0e2a000 Uncommon trap: reason=class_check action=maybe_recompile pc=0x00007f6bb1460678 method=java.util.regex.Pattern$Branch.match(Ljava/util/regex/Matcher;ILjava/lang/CharSequence;)Z @ 50
Event: 33.860 Thread 0x00007f6bc000a800 Uncommon trap: reason=class_check action=maybe_recompile pc=0x00007f6bb1460678 method=java.util.regex.Pattern$Branch.match(Ljava/util/regex/Matcher;ILjava/lang/CharSequence;)Z @ 50
Event: 33.860 Thread 0x00007f6bc0e2a000 Uncommon trap: reason=class_check action=maybe_recompile pc=0x00007f6bb1460678 method=java.util.regex.Pattern$Branch.match(Ljava/util/regex/Matcher;ILjava/lang/CharSequence;)Z @ 50
Event: 33.860 Thread 0x00007f6bc0e2a000 Uncommon trap: reason=bimorphic action=maybe_recompile pc=0x00007f6bb0fb0e90 method=java.util.regex.Pattern$BmpCharProperty.match(Ljava/util/regex/Matcher;ILjava/lang/CharSequence;)Z @ 16
Event: 33.861 Thread 0x00007f6bc0e2a000 Uncommon trap: reason=bimorphic action=maybe_recompile pc=0x00007f6bb0fb0e90 method=java.util.regex.Pattern$BmpCharProperty.match(Ljava/util/regex/Matcher;ILjava/lang/CharSequence;)Z @ 16
Event: 33.861 Thread 0x00007f6bc0e2a000 Uncommon trap: reason=unstable_if action=reinterpret pc=0x00007f6bb1405aa8 method=java.util.regex.Pattern$Start.match(Ljava/util/regex/Matcher;ILjava/lang/CharSequence;)Z @ 10
Event: 33.860 Thread 0x00007f6bc0e23000 Uncommon trap: reason=class_check action=maybe_recompile pc=0x00007f6bb1460678 method=java.util.regex.Pattern$Branch.match(Ljava/util/regex/Matcher;ILjava/lang/CharSequence;)Z @ 50
Event: 33.860 Thread 0x00007f6bc000a800 Uncommon trap: reason=bimorphic action=maybe_recompile pc=0x00007f6bb0fb0e90 method=java.util.regex.Pattern$BmpCharProperty.match(Ljava/util/regex/Matcher;ILjava/lang/CharSequence;)Z @ 16
Event: 60.048 Thread 0x00007f6bc0e2a000 Uncommon trap: reason=unstable_if action=reinterpret pc=0x00007f6bb12eb8ac method=java.util.Arrays.equals([B[B)Z @ 2

Classes redefined (0 events):
No events

Internal exceptions (10 events):
Event: 1.027 Thread 0x00007f6bc000a800 Implicit null exception at 0x00007f6bb0abf4ef to 0x00007f6bb0abf559
Event: 1.121 Thread 0x00007f6bc000a800 Implicit null exception at 0x00007f6bb0d21026 to 0x00007f6bb0d21289
Event: 1.806 Thread 0x00007f6bc000a800 Exception <a 'java/lang/NoClassDefFoundError': org/slf4j/Logger> (0x00000000ec792d30) thrown at [/HUDSON/workspace/8-2-build-linux-amd64/jdk8u162/10278/hotspot/src/share/vm/oops/constantPool.cpp, line 235]
Event: 1.882 Thread 0x00007f6bc000a800 Exception <a 'java/lang/NoClassDefFoundError': org/slf4j/Logger> (0x00000000ed1728b0) thrown at [/HUDSON/workspace/8-2-build-linux-amd64/jdk8u162/10278/hotspot/src/share/vm/oops/constantPool.cpp, line 235]
Event: 1.976 Thread 0x00007f6bc000a800 Exception <a 'java/lang/NoClassDefFoundError': org/slf4j/Logger> (0x00000000ee50d020) thrown at [/HUDSON/workspace/8-2-build-linux-amd64/jdk8u162/10278/hotspot/src/share/vm/oops/constantPool.cpp, line 235]
Event: 2.201 Thread 0x00007f6bc000a800 Exception <a 'java/lang/NoClassDefFoundError': org/slf4j/Logger> (0x00000000eda255b8) thrown at [/HUDSON/workspace/8-2-build-linux-amd64/jdk8u162/10278/hotspot/src/share/vm/oops/constantPool.cpp, line 235]
Event: 2.225 Thread 0x00007f6bc000a800 Exception <a 'java/lang/NoClassDefFoundError': org/slf4j/Logger> (0x00000000edca7930) thrown at [/HUDSON/workspace/8-2-build-linux-amd64/jdk8u162/10278/hotspot/src/share/vm/classfile/systemDictionary.cpp, line 199]
Event: 2.397 Thread 0x00007f6bc000a800 Exception <a 'java/io/FileNotFoundException'> (0x00000000efb8a7c8) thrown at [/HUDSON/workspace/8-2-build-linux-amd64/jdk8u162/10278/hotspot/src/share/vm/prims/jni.cpp, line 709]
Event: 2.447 Thread 0x00007f6bc0e23000 Implicit null exception at 0x00007f6bb10d8348 to 0x00007f6bb10d8401
Event: 33.818 Thread 0x00007f6bc000a800 Implicit null exception at 0x00007f6bb0a9ae53 to 0x00007f6bb0a9aec1

Events (10 events):
Event: 60.085 loading class org/eclipse/jetty/http/HttpParser$1
Event: 60.085 loading class org/eclipse/jetty/http/HttpParser$1 done
Event: 60.086 loading class org/eclipse/jetty/server/HttpChannel$1
Event: 60.086 loading class org/eclipse/jetty/server/HttpChannel$1 done
Event: 60.086 loading class org/eclipse/jetty/server/HttpChannel$1
Event: 60.086 loading class org/eclipse/jetty/server/HttpChannel$1 done
Event: 60.086 loading class org/eclipse/jetty/server/HttpChannelState$Action
Event: 60.086 loading class org/eclipse/jetty/server/HttpChannelState$Action done
Event: 60.086 loading class org/eclipse/jetty/server/HttpChannelState$Action
Event: 60.086 loading class org/eclipse/jetty/server/HttpChannelState$Action done


Dynamic libraries:
00400000-00401000 r-xp 00000000 08:01 1330267                            /opt/java/jdk1.8.0_162/bin/java
00600000-00601000 rw-p 00000000 08:01 1330267                            /opt/java/jdk1.8.0_162/bin/java
016ff000-01851000 rw-p 00000000 00:00 0                                  [heap]
c2400000-cb000000 rw-p 00000000 00:00 0 
cb000000-eb700000 ---p 00000000 00:00 0 
eb700000-100000000 rw-p 00000000 00:00 0 
100000000-1002c0000 rw-p 00000000 00:00 0 
1002c0000-140000000 ---p 00000000 00:00 0 
7f6b6c000000-7f6b6da98000 rw-p 00000000 00:00 0 
7f6b6da98000-7f6b70000000 ---p 00000000 00:00 0 
7f6b70000000-7f6b70b73000 rw-p 00000000 00:00 0 
7f6b70b73000-7f6b74000000 ---p 00000000 00:00 0 
7f6b74000000-7f6b777ba000 rw-p 00000000 00:00 0 
7f6b777ba000-7f6b78000000 ---p 00000000 00:00 0 
7f6b78000000-7f6b78520000 rw-p 00000000 00:00 0 
7f6b78520000-7f6b7c000000 ---p 00000000 00:00 0 
7f6b7ee44000-7f6b7ee84000 rw-p 00000000 00:00 0 
7f6b7ee84000-7f6b7f044000 ---p 00000000 00:00 0 
7f6b7f044000-7f6b7f047000 ---p 00000000 00:00 0 
7f6b7f047000-7f6b7f145000 rw-p 00000000 00:00 0 
7f6b7f145000-7f6b7f148000 ---p 00000000 00:00 0 
7f6b7f148000-7f6b7f446000 rw-p 00000000 00:00 0 
7f6b7f446000-7f6b7f449000 r--s 0001a000 08:01 1347361                    /opt/java/jdk1.8.0_162/jre/lib/jce.jar
7f6b7f449000-7f6b7f44e000 r--s 0002a000 08:05 4983612                    /home/esu/.m2/repository/org/eclipse/persistence/org.eclipse.persistence.antlr/2.3.2/org.eclipse.persistence.antlr-2.3.2.jar
7f6b7f44e000-7f6b7f455000 r--s 0003c000 08:05 4983608                    /home/esu/.m2/repository/org/eclipse/persistence/org.eclipse.persistence.asm/2.5.0-M13/org.eclipse.persistence.asm-2.5.0-M13.jar
7f6b7f455000-7f6b7f493000 r--s 00482000 08:05 4983605                    /home/esu/.m2/repository/org/eclipse/persistence/org.eclipse.persistence.core/2.5.0-M13/org.eclipse.persistence.core-2.5.0-M13.jar
7f6b7f493000-7f6b7f49a000 r--s 00071000 08:05 3018229                    /home/esu/.m2/repository/org/eclipse/persistence/org.eclipse.persistence.moxy/2.5.0-M13/org.eclipse.persistence.moxy-2.5.0-M13.jar
7f6b7f49a000-7f6b7f49b000 r--s 00003000 08:05 4983600                    /home/esu/.m2/repository/org/glassfish/jersey/media/jersey-media-moxy/2.0/jersey-media-moxy-2.0.jar
7f6b7f49b000-7f6b7f49c000 r--s 00006000 08:05 4983567                    /home/esu/.m2/repository/org/codehaus/jackson/jackson-xc/1.9.11/jackson-xc-1.9.11.jar
7f6b7f49c000-7f6b7f4ab000 r--s 000b0000 08:05 4983562                    /home/esu/.m2/repository/org/codehaus/jackson/jackson-mapper-asl/1.9.11/jackson-mapper-asl-1.9.11.jar
7f6b7f4ab000-7f6b7f4af000 r--s 00035000 08:05 4983570                    /home/esu/.m2/repository/org/codehaus/jackson/jackson-core-asl/1.9.11/jackson-core-asl-1.9.11.jar
7f6b7f4af000-7f6b7f4b1000 r--s 00000000 08:05 4983559                    /home/esu/.m2/repository/org/glassfish/jersey/media/jersey-media-json-jackson/2.0/jersey-media-json-jackson-2.0.jar
7f6b7f4b1000-7f6b7f4b5000 r--s 00018000 08:05 3541034                    /home/esu/.m2/repository/javax/ws/rs/javax.ws.rs-api/2.0/javax.ws.rs-api-2.0.jar
7f6b7f4b5000-7f6b7f4c7000 r--s 00099000 08:05 4983480                    /home/esu/.m2/repository/org/glassfish/jersey/core/jersey-server/2.0/jersey-server-2.0.jar
7f6b7f4c7000-7f6b7f4f0000 r--s 001ee000 08:05 4983488                    /home/esu/.m2/repository/com/google/guava/guava/14.0.1/guava-14.0.1.jar
7f6b7f4f0000-7f6b7f6f0000 rw-p 00000000 00:00 0 
7f6b7f6f0000-7f6b7f6f3000 ---p 00000000 00:00 0 
7f6b7f6f3000-7f6b7f7f1000 rw-p 00000000 00:00 0 
7f6b7f7f1000-7f6b7f7f4000 ---p 00000000 00:00 0 
7f6b7f7f4000-7f6b7f8f2000 rw-p 00000000 00:00 0 
7f6b7f8f2000-7f6b7f8f5000 ---p 00000000 00:00 0 
7f6b7f8f5000-7f6b7f9f3000 rw-p 00000000 00:00 0 
7f6b7f9f3000-7f6b7f9f6000 ---p 00000000 00:00 0 
7f6b7f9f6000-7f6b7faf4000 rw-p 00000000 00:00 0 
7f6b7faf4000-7f6b7faf7000 ---p 00000000 00:00 0 
7f6b7faf7000-7f6b7fbf5000 rw-p 00000000 00:00 0 
7f6b7fbf5000-7f6b7fbf8000 ---p 00000000 00:00 0 
7f6b7fbf8000-7f6b7fcf6000 rw-p 00000000 00:00 0 
7f6b7fcf6000-7f6b7fcf9000 ---p 00000000 00:00 0 
7f6b7fcf9000-7f6b7fdf7000 rw-p 00000000 00:00 0 
7f6b7fdf7000-7f6b7fe00000 r-xp 00000000 08:01 1347347                    /opt/java/jdk1.8.0_162/jre/lib/amd64/libmanagement.so
7f6b7fe00000-7f6b7ffff000 ---p 00009000 08:01 1347347                    /opt/java/jdk1.8.0_162/jre/lib/amd64/libmanagement.so
7f6b7ffff000-7f6b80000000 rw-p 00008000 08:01 1347347                    /opt/java/jdk1.8.0_162/jre/lib/amd64/libmanagement.so
7f6b80000000-7f6b80021000 rw-p 00000000 00:00 0 
7f6b80021000-7f6b84000000 ---p 00000000 00:00 0 
7f6b84000000-7f6b84001000 r--s 00004000 08:05 4983565                    /home/esu/.m2/repository/org/codehaus/jackson/jackson-jaxrs/1.9.11/jackson-jaxrs-1.9.11.jar
7f6b84001000-7f6b84005000 r--s 0000c000 08:05 4983478                    /home/esu/.m2/repository/javax/validation/validation-api/1.1.0.Final/validation-api-1.1.0.Final.jar
7f6b84005000-7f6b84009000 r--s 00019000 08:05 4983493                    /home/esu/.m2/repository/org/glassfish/jersey/core/jersey-client/2.0/jersey-client-2.0.jar
7f6b84009000-7f6b8400a000 r--s 00004000 08:05 4983490                    /home/esu/.m2/repository/org/glassfish/hk2/osgi-resource-locator/1.0.1/osgi-resource-locator-1.0.1.jar
7f6b8400a000-7f6b84011000 r--s 0003f000 08:05 4983492                    /home/esu/.m2/repository/org/glassfish/hk2/external/cglib/2.1.88/cglib-2.1.88.jar
7f6b84011000-7f6b84016000 r--s 00047000 08:05 4983503                    /home/esu/.m2/repository/org/glassfish/hk2/external/asm-all-repackaged/2.1.88/asm-all-repackaged-2.1.88.jar
7f6b84016000-7f6b84018000 r--s 0001d000 08:05 4983504                    /home/esu/.m2/repository/org/glassfish/hk2/hk2-locator/2.1.88/hk2-locator-2.1.88.jar
7f6b84018000-7f6b8401a000 r--s 0000b000 08:05 4983501                    /home/esu/.m2/repository/org/glassfish/hk2/hk2-utils/2.1.88/hk2-utils-2.1.88.jar
7f6b8401a000-7f6b8401e000 r--s 00018000 08:05 4983497                    /home/esu/.m2/repository/org/glassfish/hk2/hk2-api/2.1.88/hk2-api-2.1.88.jar
7f6b8401e000-7f6b8402b000 r--s 00082000 08:05 4983507                    /home/esu/.m2/repository/org/glassfish/jersey/core/jersey-common/2.0/jersey-common-2.0.jar
7f6b8402b000-7f6b8402c000 r--s 00001000 08:05 4983512                    /home/esu/.m2/repository/org/glassfish/hk2/external/javax.inject/2.1.88/javax.inject-2.1.88.jar
7f6b8402c000-7f6b8402e000 r--s 0000b000 08:05 4983484                    /home/esu/.m2/repository/org/glassfish/jersey/containers/jersey-container-servlet-core/2.0/jersey-container-servlet-core-2.0.jar
7f6b8402e000-7f6b8402f000 r--s 00003000 08:05 4983468                    /home/esu/.m2/repository/org/glassfish/jersey/containers/jersey-container-servlet/2.0/jersey-container-servlet-2.0.jar
7f6b8402f000-7f6b84032000 ---p 00000000 00:00 0 
7f6b84032000-7f6b84330000 rw-p 00000000 00:00 0 
7f6b84330000-7f6b84332000 r--s 00006000 08:05 6294814                    /home/esu/.m2/repository/javax/transaction/javax.transaction-api/1.2/javax.transaction-api-1.2.jar
7f6b84332000-7f6b84337000 r--s 0002d000 08:05 2622596                    /home/esu/.m2/repository/org/apache/taglibs/taglibs-standard-impl/1.2.1/taglibs-standard-impl-1.2.1.jar
7f6b84337000-7f6b84339000 r--s 00008000 08:05 2622594                    /home/esu/.m2/repository/org/apache/taglibs/taglibs-standard-spec/1.2.1/taglibs-standard-spec-1.2.1.jar
7f6b84339000-7f6b8433a000 r--s 00000000 08:05 6294809                    /home/esu/.m2/repository/org/eclipse/jetty/apache-jstl/9.2.4.v20141103/apache-jstl-9.2.4.v20141103.jar
7f6b8433a000-7f6b84349000 r--s 001a0000 08:05 6294810                    /home/esu/.m2/repository/org/eclipse/jetty/orbit/org.eclipse.jdt.core/3.8.2.v20130121/org.eclipse.jdt.core-3.8.2.v20130121.jar
7f6b84349000-7f6b8434e000 r--s 00036000 08:05 6294806                    /home/esu/.m2/repository/org/mortbay/jasper/apache-el/8.0.9.M3/apache-el-8.0.9.M3.jar
7f6b8434e000-7f6b8435c000 r--s 000dc000 08:05 5769026                    /home/esu/.m2/repository/org/mortbay/jasper/apache-jsp/8.0.9.M3/apache-jsp-8.0.9.M3.jar
7f6b8435c000-7f6b8435e000 r--s 0002c000 08:05 6294802                    /home/esu/.m2/repository/org/eclipse/jetty/toolchain/jetty-schemas/3.1.M0/jetty-schemas-3.1.M0.jar
7f6b8435e000-7f6b84360000 r--s 00001000 08:05 6294798                    /home/esu/.m2/repository/org/eclipse/jetty/apache-jsp/9.2.4.v20141103/apache-jsp-9.2.4.v20141103.jar
7f6b84360000-7f6b84362000 r--s 00003000 08:05 6294803                    /home/esu/.m2/repository/org/eclipse/jetty/websocket/websocket-servlet/9.2.4.v20141103/websocket-servlet-9.2.4.v20141103.jar
7f6b84362000-7f6b84364000 r--s 00007000 08:05 6294804                    /home/esu/.m2/repository/org/eclipse/jetty/websocket/websocket-client/9.2.4.v20141103/websocket-client-9.2.4.v20141103.jar
7f6b84364000-7f6b84366000 r--s 00009000 08:05 6294792                    /home/esu/.m2/repository/org/eclipse/jetty/websocket/websocket-api/9.2.4.v20141103/websocket-api-9.2.4.v20141103.jar
7f6b84366000-7f6b8436a000 r--s 00028000 08:05 6294799                    /home/esu/.m2/repository/org/eclipse/jetty/websocket/websocket-common/9.2.4.v20141103/websocket-common-9.2.4.v20141103.jar
7f6b8436a000-7f6b8436c000 r--s 00008000 08:05 6294797                    /home/esu/.m2/repository/org/eclipse/jetty/websocket/websocket-server/9.2.4.v20141103/websocket-server-9.2.4.v20141103.jar
7f6b8436c000-7f6b8436e000 r--s 00007000 08:05 6294787                    /home/esu/.m2/repository/javax/websocket/javax.websocket-api/1.0/javax.websocket-api-1.0.jar
7f6b8436e000-7f6b84373000 r--s 00022000 08:05 6294788                    /home/esu/.m2/repository/org/eclipse/jetty/websocket/javax-websocket-client-impl/9.2.4.v20141103/javax-websocket-client-impl-9.2.4.v20141103.jar
7f6b84373000-7f6b84375000 r--s 00008000 08:05 6294794                    /home/esu/.m2/repository/org/eclipse/jetty/websocket/javax-websocket-server-impl/9.2.4.v20141103/javax-websocket-server-impl-9.2.4.v20141103.jar
7f6b84375000-7f6b84377000 r--s 00006000 08:05 5377651                    /home/esu/.m2/repository/org/ow2/asm/asm-tree/5.0.1/asm-tree-5.0.1.jar
7f6b84377000-7f6b84379000 r--s 00009000 08:05 5250980                    /home/esu/.m2/repository/org/ow2/asm/asm-commons/5.0.1/asm-commons-5.0.1.jar
7f6b84379000-7f6b8437a000 r--s 0000c000 08:05 6294783                    /home/esu/.m2/repository/org/ow2/asm/asm/5.0.1/asm-5.0.1.jar
7f6b8437a000-7f6b8437c000 r--s 00005000 08:05 3937108                    /home/esu/.m2/repository/javax/annotation/javax.annotation-api/1.2/javax.annotation-api-1.2.jar
7f6b8437c000-7f6b8437e000 r--s 00012000 08:05 6294782                    /home/esu/.m2/repository/org/eclipse/jetty/jetty-annotations/9.2.4.v20141103/jetty-annotations-9.2.4.v20141103.jar
7f6b8437e000-7f6b8437f000 r--s 00005000 08:05 6294789                    /home/esu/.m2/repository/org/eclipse/jetty/jetty-jmx/9.2.4.v20141103/jetty-jmx-9.2.4.v20141103.jar
7f6b8437f000-7f6b84382000 r--s 00017000 08:05 6294777                    /home/esu/.m2/repository/org/eclipse/jetty/jetty-io/9.2.4.v20141103/jetty-io-9.2.4.v20141103.jar
7f6b84382000-7f6b84384000 r--s 00018000 08:05 6294776                    /home/esu/.m2/repository/org/eclipse/jetty/jetty-http/9.2.4.v20141103/jetty-http-9.2.4.v20141103.jar
7f6b84384000-7f6b84387000 r--s 00015000 08:05 6294775                    /home/esu/.m2/repository/javax/servlet/javax.servlet-api/3.1.0/javax.servlet-api-3.1.0.jar
7f6b84387000-7f6b8438d000 r--s 00060000 08:05 6294773                    /home/esu/.m2/repository/org/eclipse/jetty/jetty-server/9.2.4.v20141103/jetty-server-9.2.4.v20141103.jar
7f6b8438d000-7f6b8438f000 r--s 00009000 08:05 6294770                    /home/esu/.m2/repository/org/eclipse/jetty/jetty-jndi/9.2.4.v20141103/jetty-jndi-9.2.4.v20141103.jar
7f6b8438f000-7f6b84391000 r--s 0000c000 08:05 6294768                    /home/esu/.m2/repository/org/eclipse/jetty/jetty-plus/9.2.4.v20141103/jetty-plus-9.2.4.v20141103.jar
7f6b84391000-7f6b84394000 r--s 00015000 08:05 6294765                    /home/esu/.m2/repository/org/eclipse/jetty/jetty-security/9.2.4.v20141103/jetty-security-9.2.4.v20141103.jar
7f6b84394000-7f6b84396000 r--s 00008000 08:05 6294764                    /home/esu/.m2/repository/org/eclipse/jetty/jetty-jaas/9.2.4.v20141103/jetty-jaas-9.2.4.v20141103.jar
7f6b84396000-7f6b84397000 r--s 00006000 08:05 6294769                    /home/esu/.m2/repository/org/eclipse/jetty/jetty-quickstart/9.2.4.v20141103/jetty-quickstart-9.2.4.v20141103.jar
7f6b84397000-7f6b8439a000 r--s 0001a000 08:05 6294759                    /home/esu/.m2/repository/org/eclipse/jetty/jetty-servlet/9.2.4.v20141103/jetty-servlet-9.2.4.v20141103.jar
7f6b8439a000-7f6b8439b000 r--s 0000a000 08:05 6294758                    /home/esu/.m2/repository/org/eclipse/jetty/jetty-xml/9.2.4.v20141103/jetty-xml-9.2.4.v20141103.jar
7f6b8439b000-7f6b8439d000 r--s 00019000 08:05 6294757                    /home/esu/.m2/repository/org/eclipse/jetty/jetty-webapp/9.2.4.v20141103/jetty-webapp-9.2.4.v20141103.jar
7f6b8439d000-7f6b843a3000 r--s 0004f000 08:05 6294760                    /home/esu/.m2/repository/org/eclipse/jetty/jetty-util/9.2.4.v20141103/jetty-util-9.2.4.v20141103.jar
7f6b843a3000-7f6b843ab000 r--s 00049000 08:05 4458690                    /home/esu/.m2/repository/backport-util-concurrent/backport-util-concurrent/3.1/backport-util-concurrent-3.1.jar
7f6b843ab000-7f6b843ac000 r--s 00005000 08:05 6294753                    /home/esu/.m2/repository/org/apache/maven/plugin-tools/maven-plugin-tools-api/3.1/maven-plugin-tools-api-3.1.jar
7f6b843ac000-7f6b843ae000 r--s 00002000 08:05 3146640                    /home/esu/.m2/repository/org/sonatype/plexus/plexus-cipher/1.4/plexus-cipher-1.4.jar
7f6b843ae000-7f6b843af000 r--s 00006000 08:05 3146636                    /home/esu/.m2/repository/org/sonatype/plexus/plexus-sec-dispatcher/1.3/plexus-sec-dispatcher-1.3.jar
7f6b843af000-7f6b843b1000 r--s 0000d000 08:05 3146635                    /home/esu/.m2/repository/org/codehaus/plexus/plexus-interpolation/1.14/plexus-interpolation-1.14.jar
7f6b843b1000-7f6b843b5000 r--s 0001a000 08:05 6294752                    /home/esu/.m2/repository/org/sonatype/aether/aether-util/1.11/aether-util-1.11.jar
7f6b843b5000-7f6b843b9000 r--s 00033000 08:05 6294751                    /home/esu/.m2/repository/org/codehaus/plexus/plexus-utils/2.0.6/plexus-utils-2.0.6.jar
7f6b843b9000-7f6b843c5000 r--s 0006b000 08:05 4984110                    /home/esu/.m2/repository/org/sonatype/sisu/sisu-guice/2.9.4/sisu-guice-2.9.4-no_aop.jar
7f6b843c5000-7f6b843cb000 r--s 00033000 08:05 4852468                    /home/esu/.m2/repository/org/sonatype/sisu/sisu-inject-bean/2.1.1/sisu-inject-bean-2.1.1.jar
7f6b843cb000-7f6b843cd000 r--s 00016000 08:05 3018684                    /home/esu/.m2/repository/org/eclipse/jetty/jetty-maven-plugin/9.2.4.v20141103/jetty-maven-plugin-9.2.4.v20141103.jar
7f6b843cd000-7f6b843d0000 r--s 0001b000 08:05 4728598                    /home/esu/.m2/repository/junit/junit/3.8.2/junit-3.8.2.jar
7f6b843d0000-7f6b843de000 r--s 0008f000 08:05 4728595                    /home/esu/.m2/repository/com/google/collections/google-collections/1.0/google-collections-1.0.jar
7f6b843de000-7f6b843df000 r--s 0000a000 08:05 4728593                    /home/esu/.m2/repository/commons-logging/commons-logging-api/1.1/commons-logging-api-1.1.jar
7f6b843df000-7f6b843e6000 r--s 00051000 08:05 4589606                    /home/esu/.m2/repository/log4j/log4j/1.2.12/log4j-1.2.12.jar
7f6b843e6000-7f6b843ea000 r--s 0001d000 08:05 2889556                    /home/esu/.m2/repository/org/apache/xbean/xbean-reflect/3.4/xbean-reflect-3.4.jar
7f6b843ea000-7f6b843eb000 r--s 00004000 08:05 4589596                    /home/esu/.m2/repository/org/codehaus/plexus/plexus-compiler-javac/2.2/plexus-compiler-javac-2.2.jar
7f6b843eb000-7f6b843ed000 r--s 00000000 08:05 4589592                    /home/esu/.m2/repository/org/codehaus/plexus/plexus-compiler-manager/2.2/plexus-compiler-manager-2.2.jar
7f6b843ed000-7f6b843ef000 r--s 00005000 08:05 4458092                    /home/esu/.m2/repository/org/codehaus/plexus/plexus-compiler-api/2.2/plexus-compiler-api-2.2.jar
7f6b843ef000-7f6b843f1000 r--s 00002000 08:05 4195530                    /home/esu/.m2/repository/org/apache/maven/shared/maven-shared-incremental/1.1/maven-shared-incremental-1.1.jar
7f6b843f1000-7f6b843f3000 r--s 00006000 08:05 3146648                    /home/esu/.m2/repository/com/google/code/findbugs/jsr305/2.0.1/jsr305-2.0.1.jar
7f6b843f3000-7f6b843f6000 r--s 00023000 08:05 4195527                    /home/esu/.m2/repository/org/apache/maven/shared/maven-shared-utils/0.1/maven-shared-utils-0.1.jar
7f6b843f6000-7f6b843fa000 r--s 00030000 08:05 4064292                    /home/esu/.m2/repository/org/codehaus/plexus/plexus-utils/1.5.1/plexus-utils-1.5.1.jar
7f6b843fa000-7f6b843fc000 r--s 00009000 08:05 3937087                    /home/esu/.m2/repository/org/apache/maven/plugins/maven-compiler-plugin/3.1/maven-compiler-plugin-3.1.jar
7f6b843fc000-7f6b843fe000 r--s 0000d000 08:05 3804309                    /home/esu/.m2/repository/org/codehaus/plexus/plexus-interpolation/1.13/plexus-interpolation-1.13.jar
7f6b843fe000-7f6b843ff000 r--s 00001000 08:05 3804305                    /home/esu/.m2/repository/org/sonatype/plexus/plexus-build-api/0.0.4/plexus-build-api-0.0.4.jar
7f6b843ff000-7f6b84401000 r--s 00009000 08:05 6293813                    /home/esu/.m2/repository/org/apache/maven/shared/maven-filtering/1.0/maven-filtering-1.0.jar
7f6b84401000-7f6b84405000 r--s 00033000 08:05 3673167                    /home/esu/.m2/repository/org/codehaus/plexus/plexus-utils/2.0.5/plexus-utils-2.0.5.jar
7f6b84405000-7f6b84406000 r--s 00001000 08:05 3541018                    /home/esu/.m2/repository/org/apache/maven/doxia/doxia-sink-api/1.0-alpha-7/doxia-sink-api-1.0-alpha-7.jar
7f6b84406000-7f6b84407000 r--s 00002000 08:05 3541016                    /home/esu/.m2/repository/org/apache/maven/reporting/maven-reporting-api/2.0.6/maven-reporting-api-2.0.6.jar
7f6b84407000-7f6b84409000 r--s 00005000 08:05 3276950                    /home/esu/.m2/repository/org/apache/maven/plugins/maven-resources-plugin/2.5/maven-resources-plugin-2.5.jar
7f6b84409000-7f6b84417000 r--s 0007f000 08:05 3146654                    /home/esu/.m2/repository/commons-collections/commons-collections/3.2.1/commons-collections-3.2.1.jar
7f6b84417000-7f6b8441c000 r--s 00041000 08:05 6293780                    /home/esu/.m2/repository/commons-lang/commons-lang/2.6/commons-lang-2.6.jar
7f6b8441c000-7f6b8441e000 r--s 00006000 08:05 6293779                    /home/esu/.m2/repository/org/apache/maven/shared/maven-invoker/2.0.11/maven-invoker-2.0.11.jar
7f6b8441e000-7f6b84420000 r--s 00006000 08:05 6293773                    /home/esu/.m2/repository/org/apache/maven/shared/maven-common-artifact-filters/1.4/maven-common-artifact-filters-1.4.jar
7f6b84420000-7f6b84422000 r--s 0000c000 08:05 6293772                    /home/esu/.m2/repository/org/apache/maven/shared/maven-dependency-tree/2.0/maven-dependency-tree-2.0.jar
7f6b84422000-7f6b84424000 r--s 00000000 08:05 4458090                    /home/esu/.m2/repository/org/codehaus/plexus/plexus-component-annotations/1.5.5/plexus-component-annotations-1.5.5.jar
7f6b84424000-7f6b84425000 r--s 0000a000 08:05 4589959                    /home/esu/.m2/repository/asm/asm/3.3.1/asm-3.3.1.jar
7f6b84425000-7f6b84427000 r--s 00005000 08:05 6293771                    /home/esu/.m2/repository/org/apache/maven/shared/maven-dependency-analyzer/1.3/maven-dependency-analyzer-1.3.jar
7f6b84427000-7f6b8442a000 r--s 0000c000 08:05 6293765                    /home/esu/.m2/repository/org/codehaus/plexus/plexus-io/2.0.6/plexus-io-2.0.6.jar
7f6b8442a000-7f6b8442d000 r--s 0001b000 08:05 2762657                    /home/esu/.m2/repository/junit/junit/3.8.1/junit-3.8.1.jar
7f6b8442d000-7f6b8442f000 r--s 00008000 08:05 6165155                    /home/esu/.m2/repository/org/apache/maven/shared/maven-shared-io/1.1/maven-shared-io-1.1.jar
7f6b8442f000-7f6b84431000 r--s 00008000 08:05 6165154                    /home/esu/.m2/repository/org/apache/maven/shared/file-management/1.2.1/file-management-1.2.1.jar
7f6b84431000-7f6b84435000 r--s 00035000 08:05 6165153                    /home/esu/.m2/repository/org/codehaus/plexus/plexus-utils/3.0.9/plexus-utils-3.0.9.jar
7f6b84435000-7f6b8443a000 r--s 00029000 08:05 6165152                    /home/esu/.m2/repository/org/codehaus/plexus/plexus-archiver/2.2/plexus-archiver-2.2.jar
7f6b8443a000-7f6b8443c000 r--s 00004000 08:05 6165150                    /home/esu/.m2/repository/org/apache/maven/doxia/doxia-module-xhtml/1.0/doxia-module-xhtml-1.0.jar
7f6b8443c000-7f6b8443d000 r--s 00006000 08:05 6034318                    /home/esu/.m2/repository/org/apache/maven/doxia/doxia-module-xdoc/1.0/doxia-module-xdoc-1.0.jar
7f6b8443d000-7f6b8443e000 r--s 00004000 08:05 6034317                    /home/esu/.m2/repository/org/apache/maven/doxia/doxia-module-fml/1.0/doxia-module-fml-1.0.jar
7f6b8443e000-7f6b84440000 r--s 0000a000 08:05 6034316                    /home/esu/.m2/repository/org/apache/maven/doxia/doxia-module-apt/1.0/doxia-module-apt-1.0.jar
7f6b84440000-7f6b84441000 r--s 0000b000 08:05 6034314                    /home/esu/.m2/repository/org/apache/maven/doxia/doxia-decoration-model/1.0/doxia-decoration-model-1.0.jar
7f6b84441000-7f6b84449000 r--s 00058000 08:05 3673186                    /home/esu/.m2/repository/org/apache/velocity/velocity/1.5/velocity-1.5.jar
7f6b84449000-7f6b8444a000 r--s 00001000 08:05 3541134                    /home/esu/.m2/repository/org/codehaus/plexus/plexus-velocity/1.1.7/plexus-velocity-1.1.7.jar
7f6b8444a000-7f6b8444b000 r--s 00002000 08:05 4983032                    /home/esu/.m2/repository/org/codehaus/plexus/plexus-i18n/1.0-beta-7/plexus-i18n-1.0-beta-7.jar
7f6b8444b000-7f6b8444d000 r--s 0000a000 08:05 6034313                    /home/esu/.m2/repository/org/apache/maven/doxia/doxia-site-renderer/1.0/doxia-site-renderer-1.0.jar
7f6b8444d000-7f6b8444e000 r--s 00002000 08:05 3804467                    /home/esu/.m2/repository/org/apache/maven/doxia/doxia-sink-api/1.0/doxia-sink-api-1.0.jar
7f6b8444e000-7f6b84453000 r--s 00016000 08:05 3146599                    /home/esu/.m2/repository/xml-apis/xml-apis/1.0.b2/xml-apis-1.0.b2.jar
7f6b84453000-7f6b84455000 r--s 0000e000 08:05 4983036                    /home/esu/.m2/repository/oro/oro/2.0.8/oro-2.0.8.jar
7f6b84455000-7f6b84457000 r--s 00008000 08:05 4983986                    /home/esu/.m2/repository/commons-logging/commons-logging/1.0.4/commons-logging-1.0.4.jar
7f6b84457000-7f6b8445b000 r--s 00026000 08:05 4983899                    /home/esu/.m2/repository/commons-digester/commons-digester/1.6/commons-digester-1.6.jar
7f6b8445b000-7f6b84460000 r--s 0002a000 08:05 4982896                    /home/esu/.m2/repository/commons-beanutils/commons-beanutils/1.7.0/commons-beanutils-1.7.0.jar
7f6b84460000-7f6b84463000 r--s 00014000 08:05 6165147                    /home/esu/.m2/repository/commons-validator/commons-validator/1.2.0/commons-validator-1.2.0.jar
7f6b84463000-7f6b84466000 r--s 00018000 08:05 4983055                    /home/esu/.m2/repository/commons-io/commons-io/1.4/commons-io-1.4.jar
7f6b84466000-7f6b84468000 r--s 00009000 08:05 6165146                    /home/esu/.m2/repository/org/apache/maven/shared/maven-doxia-tools/1.0.2/maven-doxia-tools-1.0.2.jar
7f6b84468000-7f6b8446b000 r--s 0000b000 08:05 6034310                    /home/esu/.m2/repository/org/apache/maven/doxia/doxia-core/1.0/doxia-core-1.0.jar
7f6b8446b000-7f6b8446d000 r--s 00004000 08:05 6034309                    /home/esu/.m2/repository/org/apache/maven/reporting/maven-reporting-impl/2.0.5/maven-reporting-impl-2.0.5.jar
7f6b8446d000-7f6b8446e000 r--s 00002000 08:05 4851944                    /home/esu/.m2/repository/org/apache/maven/reporting/maven-reporting-api/3.0/maven-reporting-api-3.0.jar
7f6b8446e000-7f6b84470000 r--s 00002000 08:05 3673166                    /home/esu/.m2/repository/org/codehaus/plexus/plexus-interactivity-api/1.0-alpha-4/plexus-interactivity-api-1.0-alpha-4.jar
7f6b84470000-7f6b84472000 r--s 00006000 08:05 3673161                    /home/esu/.m2/repository/commons-cli/commons-cli/1.0/commons-cli-1.0.jar
7f6b84472000-7f6b84475000 r--s 00021000 08:05 3276956                    /home/esu/.m2/repository/org/apache/maven/plugins/maven-dependency-plugin/2.6/maven-dependency-plugin-2.6.jar
7f6b84475000-7f6b84675000 rw-p 00000000 00:00 0 
7f6b84675000-7f6b84686000 r-xp 00000000 08:01 1347342                    /opt/java/jdk1.8.0_162/jre/lib/amd64/libnio.so
7f6b84686000-7f6b84885000 ---p 00011000 08:01 1347342                    /opt/java/jdk1.8.0_162/jre/lib/amd64/libnio.so
7f6b84885000-7f6b84886000 rw-p 00010000 08:01 1347342                    /opt/java/jdk1.8.0_162/jre/lib/amd64/libnio.so
7f6b84886000-7f6b87887000 rw-p 00000000 00:00 0 
7f6b87887000-7f6b8789d000 r-xp 00000000 08:01 1347339                    /opt/java/jdk1.8.0_162/jre/lib/amd64/libnet.so
7f6b8789d000-7f6b87a9d000 ---p 00016000 08:01 1347339                    /opt/java/jdk1.8.0_162/jre/lib/amd64/libnet.so
7f6b87a9d000-7f6b87a9e000 rw-p 00016000 08:01 1347339                    /opt/java/jdk1.8.0_162/jre/lib/amd64/libnet.so
7f6b87a9e000-7f6b87aa1000 ---p 00000000 00:00 0 
7f6b87aa1000-7f6b87ad7000 rw-p 00000000 00:00 0 
7f6b87ad7000-7f6b87ad8000 r--p 00000000 00:00 0 
7f6b87ad8000-7f6b87cd8000 rw-p 00000000 00:00 0 
7f6b87cd8000-7f6b87cdd000 r--s 0009d000 08:01 1344431                    /opt/java/jdk1.8.0_162/jre/lib/jsse.jar
7f6b87cdd000-7f6b87edd000 rw-p 00000000 00:00 0 
7f6b87edd000-7f6b87edf000 r--s 0000d000 08:05 4728872                    /home/esu/netbeans-8.2/java/maven-nblib/netbeans-eventspy.jar
7f6b87edf000-7f6b87ee3000 r--s 00021000 08:05 4728845                    /home/esu/netbeans-8.2/java/maven/lib/maven-model-builder-3.0.5.jar
7f6b87ee3000-7f6b87ee5000 r--s 00006000 08:05 4728831                    /home/esu/netbeans-8.2/java/maven/lib/maven-repository-metadata-3.0.5.jar
7f6b87ee5000-7f6b87ee7000 r--s 0000a000 08:05 4728868                    /home/esu/netbeans-8.2/java/maven/lib/maven-settings-3.0.5.jar
7f6b87ee7000-7f6b87ee9000 r--s 00002000 08:05 4728881                    /home/esu/netbeans-8.2/java/maven/lib/plexus-cipher-1.7.jar
7f6b87ee9000-7f6b87eec000 r--s 0001d000 08:05 4728876                    /home/esu/netbeans-8.2/java/maven/lib/aether-impl-1.13.1.jar
7f6b87eec000-7f6b87eed000 r--s 00006000 08:05 4728846                    /home/esu/netbeans-8.2/java/maven/lib/plexus-sec-dispatcher-1.3.jar
7f6b87eed000-7f6b87eef000 r--s 0000b000 08:05 4728861                    /home/esu/netbeans-8.2/java/maven/lib/maven-plugin-api-3.0.5.jar
7f6b87eef000-7f6b87ef7000 r--s 00050000 08:05 4728854                    /home/esu/netbeans-8.2/java/maven/lib/sisu-guice-3.1.0-no_aop.jar
7f6b87ef7000-7f6b87ef8000 r--s 0000a000 08:05 4728867                    /home/esu/netbeans-8.2/java/maven/lib/maven-embedder-3.0.5.jar
7f6b87ef8000-7f6b87efa000 r--s 00006000 08:05 4728836                    /home/esu/netbeans-8.2/java/maven/lib/aether-connector-wagon-1.13.1.jar
7f6b87efa000-7f6b87efe000 r--s 00013000 08:05 4728882                    /home/esu/netbeans-8.2/java/maven/lib/aether-api-1.13.1.jar
7f6b87efe000-7f6b87eff000 r--s 00002000 08:05 4728889                    /home/esu/netbeans-8.2/java/maven/lib/wagon-file-2.10.jar
7f6b87eff000-7f6b87f01000 r--s 0000b000 08:05 4728855                    /home/esu/netbeans-8.2/java/maven/lib/wagon-provider-api-2.10.jar
7f6b87f01000-7f6b87f02000 r--s 00002000 08:05 4728863                    /home/esu/netbeans-8.2/java/maven/lib/wagon-http-shared-2.10.jar
7f6b87f02000-7f6b87f21000 r--s 00154000 08:05 4728888                    /home/esu/netbeans-8.2/java/maven/lib/sisu-guava-0.9.9.jar
7f6b87f21000-7f6b87f25000 r--s 0001c000 08:05 4728877                    /home/esu/netbeans-8.2/java/maven/lib/aether-util-1.13.1.jar
7f6b87f25000-7f6b87f27000 r--s 00000000 08:05 4728828                    /home/esu/netbeans-8.2/java/maven/lib/plexus-component-annotations-1.5.5.jar
7f6b87f27000-7f6b87f2e000 r--s 0003f000 08:05 4728862                    /home/esu/netbeans-8.2/java/maven/lib/sisu-inject-bean-2.3.0.jar
7f6b87f2e000-7f6b87f35000 r--s 0002b000 08:05 4728852                    /home/esu/netbeans-8.2/java/maven/lib/sisu-inject-plexus-2.3.0.jar
7f6b87f35000-7f6b87f64000 r--s 001c8000 08:05 4728860                    /home/esu/netbeans-8.2/java/maven/lib/wagon-http-2.10-shaded.jar
7f6b87f64000-7f6b87f66000 r--s 00009000 08:05 4728890                    /home/esu/netbeans-8.2/java/maven/lib/commons-cli-1.2.jar
7f6b87f66000-7f6b87f6a000 r--s 00033000 08:05 4728875                    /home/esu/netbeans-8.2/java/maven/lib/plexus-utils-2.0.6.jar
7f6b87f6a000-7f6b88000000 r--s 0110a000 08:01 1347497                    /opt/java/jdk1.8.0_162/jre/lib/ext/jfxrt.jar
7f6b88000000-7f6b88f02000 rw-p 00000000 00:00 0 
7f6b88f02000-7f6b8c000000 ---p 00000000 00:00 0 
7f6b8c000000-7f6b8c021000 rw-p 00000000 00:00 0 
7f6b8c021000-7f6b90000000 ---p 00000000 00:00 0 
7f6b90000000-7f6b90021000 rw-p 00000000 00:00 0 
7f6b90021000-7f6b94000000 ---p 00000000 00:00 0 
7f6b94000000-7f6b960b0000 rw-p 00000000 00:00 0 
7f6b960b0000-7f6b98000000 ---p 00000000 00:00 0 
7f6b98000000-7f6b98021000 rw-p 00000000 00:00 0 
7f6b98021000-7f6b9c000000 ---p 00000000 00:00 0 
7f6b9c000000-7f6b9c021000 rw-p 00000000 00:00 0 
7f6b9c021000-7f6ba0000000 ---p 00000000 00:00 0 
7f6ba0000000-7f6ba0021000 rw-p 00000000 00:00 0 
7f6ba0021000-7f6ba4000000 ---p 00000000 00:00 0 
7f6ba4000000-7f6ba4052000 rw-p 00000000 00:00 0 
7f6ba4052000-7f6ba8000000 ---p 00000000 00:00 0 
7f6ba8000000-7f6ba8021000 rw-p 00000000 00:00 0 
7f6ba8021000-7f6bac000000 ---p 00000000 00:00 0 
7f6bac000000-7f6bac001000 r--s 00003000 08:05 4728883                    /home/esu/netbeans-8.2/java/maven/lib/aether-spi-1.13.1.jar
7f6bac001000-7f6bac002000 ---p 00000000 00:00 0 
7f6bac002000-7f6bac102000 rw-p 00000000 00:00 0 
7f6bac102000-7f6bac105000 ---p 00000000 00:00 0 
7f6bac105000-7f6bac203000 rw-p 00000000 00:00 0 
7f6bac203000-7f6bac206000 ---p 00000000 00:00 0 
7f6bac206000-7f6bac304000 rw-p 00000000 00:00 0 
7f6bac304000-7f6bac307000 ---p 00000000 00:00 0 
7f6bac307000-7f6bac405000 rw-p 00000000 00:00 0 
7f6bac405000-7f6bac408000 ---p 00000000 00:00 0 
7f6bac408000-7f6bac506000 rw-p 00000000 00:00 0 
7f6bac506000-7f6bac7de000 r--p 00000000 08:01 793726                     /usr/lib/locale/locale-archive
7f6bac7de000-7f6bac7e1000 ---p 00000000 00:00 0 
7f6bac7e1000-7f6bac8df000 rw-p 00000000 00:00 0 
7f6bac8df000-7f6bac8e2000 ---p 00000000 00:00 0 
7f6bac8e2000-7f6bac9e0000 rw-p 00000000 00:00 0 
7f6bac9e0000-7f6bac9e1000 ---p 00000000 00:00 0 
7f6bac9e1000-7f6bad40b000 rw-p 00000000 00:00 0 
7f6bad40b000-7f6bad5e4000 r--s 03d65000 08:01 1344426                    /opt/java/jdk1.8.0_162/jre/lib/rt.jar
7f6bad5e4000-7f6bafeb2000 rw-p 00000000 00:00 0 
7f6bafeb2000-7f6bafeb3000 ---p 00000000 00:00 0 
7f6bafeb3000-7f6baffb3000 rw-p 00000000 00:00 0 
7f6baffb3000-7f6baffb4000 ---p 00000000 00:00 0 
7f6baffb4000-7f6bb00fa000 rw-p 00000000 00:00 0 
7f6bb00fa000-7f6bb01fe000 ---p 00000000 00:00 0 
7f6bb01fe000-7f6bb0244000 rw-p 00000000 00:00 0 
7f6bb0244000-7f6bb0347000 ---p 00000000 00:00 0 
7f6bb0347000-7f6bb03ec000 rw-p 00000000 00:00 0 
7f6bb03ec000-7f6bb0423000 rw-p 00000000 00:00 0 
7f6bb0423000-7f6bb07ad000 ---p 00000000 00:00 0 
7f6bb07ad000-7f6bb151d000 rwxp 00000000 00:00 0 
7f6bb151d000-7f6bbf7ad000 ---p 00000000 00:00 0 
7f6bbf7ad000-7f6bbf7c8000 r-xp 00000000 08:01 1347335                    /opt/java/jdk1.8.0_162/jre/lib/amd64/libzip.so
7f6bbf7c8000-7f6bbf9c8000 ---p 0001b000 08:01 1347335                    /opt/java/jdk1.8.0_162/jre/lib/amd64/libzip.so
7f6bbf9c8000-7f6bbf9c9000 rw-p 0001b000 08:01 1347335                    /opt/java/jdk1.8.0_162/jre/lib/amd64/libzip.so
7f6bbf9c9000-7f6bbf9d4000 r-xp 00000000 08:01 1708668                    /lib/x86_64-linux-gnu/libnss_files-2.23.so
7f6bbf9d4000-7f6bbfbd3000 ---p 0000b000 08:01 1708668                    /lib/x86_64-linux-gnu/libnss_files-2.23.so
7f6bbfbd3000-7f6bbfbd4000 r--p 0000a000 08:01 1708668                    /lib/x86_64-linux-gnu/libnss_files-2.23.so
7f6bbfbd4000-7f6bbfbd5000 rw-p 0000b000 08:01 1708668                    /lib/x86_64-linux-gnu/libnss_files-2.23.so
7f6bbfbd5000-7f6bbfbdb000 rw-p 00000000 00:00 0 
7f6bbfbdb000-7f6bbfbe6000 r-xp 00000000 08:01 1723520                    /lib/x86_64-linux-gnu/libnss_nis-2.23.so
7f6bbfbe6000-7f6bbfde5000 ---p 0000b000 08:01 1723520                    /lib/x86_64-linux-gnu/libnss_nis-2.23.so
7f6bbfde5000-7f6bbfde6000 r--p 0000a000 08:01 1723520                    /lib/x86_64-linux-gnu/libnss_nis-2.23.so
7f6bbfde6000-7f6bbfde7000 rw-p 0000b000 08:01 1723520                    /lib/x86_64-linux-gnu/libnss_nis-2.23.so
7f6bbfde7000-7f6bbfdfd000 r-xp 00000000 08:01 1708589                    /lib/x86_64-linux-gnu/libnsl-2.23.so
7f6bbfdfd000-7f6bbfffc000 ---p 00016000 08:01 1708589                    /lib/x86_64-linux-gnu/libnsl-2.23.so
7f6bbfffc000-7f6bbfffd000 r--p 00015000 08:01 1708589                    /lib/x86_64-linux-gnu/libnsl-2.23.so
7f6bbfffd000-7f6bbfffe000 rw-p 00016000 08:01 1708589                    /lib/x86_64-linux-gnu/libnsl-2.23.so
7f6bbfffe000-7f6bc0000000 rw-p 00000000 00:00 0 
7f6bc0000000-7f6bc0fdd000 rw-p 00000000 00:00 0 
7f6bc0fdd000-7f6bc4000000 ---p 00000000 00:00 0 
7f6bc4000000-7f6bc4002000 r--s 0000d000 08:05 4728847                    /home/esu/netbeans-8.2/java/maven/lib/plexus-interpolation-1.14.jar
7f6bc4002000-7f6bc4004000 r--s 0000b000 08:05 4728866                    /home/esu/netbeans-8.2/java/maven/lib/maven-artifact-3.0.5.jar
7f6bc4004000-7f6bc4006000 r--s 00026000 08:05 4728880                    /home/esu/netbeans-8.2/java/maven/lib/maven-model-3.0.5.jar
7f6bc4006000-7f6bc4009000 r--s 00008000 08:05 4728837                    /home/esu/netbeans-8.2/java/maven/lib/maven-settings-builder-3.0.5.jar
7f6bc4009000-7f6bc40ce000 rw-p 00000000 00:00 0 
7f6bc40ce000-7f6bc40d6000 r-xp 00000000 08:01 1708640                    /lib/x86_64-linux-gnu/libnss_compat-2.23.so
7f6bc40d6000-7f6bc42d5000 ---p 00008000 08:01 1708640                    /lib/x86_64-linux-gnu/libnss_compat-2.23.so
7f6bc42d5000-7f6bc42d6000 r--p 00007000 08:01 1708640                    /lib/x86_64-linux-gnu/libnss_compat-2.23.so
7f6bc42d6000-7f6bc42d7000 rw-p 00008000 08:01 1708640                    /lib/x86_64-linux-gnu/libnss_compat-2.23.so
7f6bc42d7000-7f6bc4302000 r-xp 00000000 08:01 1347329                    /opt/java/jdk1.8.0_162/jre/lib/amd64/libjava.so
7f6bc4302000-7f6bc4501000 ---p 0002b000 08:01 1347329                    /opt/java/jdk1.8.0_162/jre/lib/amd64/libjava.so
7f6bc4501000-7f6bc4503000 rw-p 0002a000 08:01 1347329                    /opt/java/jdk1.8.0_162/jre/lib/amd64/libjava.so
7f6bc4503000-7f6bc4510000 r-xp 00000000 08:01 1347334                    /opt/java/jdk1.8.0_162/jre/lib/amd64/libverify.so
7f6bc4510000-7f6bc4710000 ---p 0000d000 08:01 1347334                    /opt/java/jdk1.8.0_162/jre/lib/amd64/libverify.so
7f6bc4710000-7f6bc4712000 rw-p 0000d000 08:01 1347334                    /opt/java/jdk1.8.0_162/jre/lib/amd64/libverify.so
7f6bc4712000-7f6bc4719000 r-xp 00000000 08:01 1723522                    /lib/x86_64-linux-gnu/librt-2.23.so
7f6bc4719000-7f6bc4918000 ---p 00007000 08:01 1723522                    /lib/x86_64-linux-gnu/librt-2.23.so
7f6bc4918000-7f6bc4919000 r--p 00006000 08:01 1723522                    /lib/x86_64-linux-gnu/librt-2.23.so
7f6bc4919000-7f6bc491a000 rw-p 00007000 08:01 1723522                    /lib/x86_64-linux-gnu/librt-2.23.so
7f6bc491a000-7f6bc4a22000 r-xp 00000000 08:01 1708571                    /lib/x86_64-linux-gnu/libm-2.23.so
7f6bc4a22000-7f6bc4c21000 ---p 00108000 08:01 1708571                    /lib/x86_64-linux-gnu/libm-2.23.so
7f6bc4c21000-7f6bc4c22000 r--p 00107000 08:01 1708571                    /lib/x86_64-linux-gnu/libm-2.23.so
7f6bc4c22000-7f6bc4c23000 rw-p 00108000 08:01 1708571                    /lib/x86_64-linux-gnu/libm-2.23.so
7f6bc4c23000-7f6bc58fc000 r-xp 00000000 08:01 1347357                    /opt/java/jdk1.8.0_162/jre/lib/amd64/server/libjvm.so
7f6bc58fc000-7f6bc5afb000 ---p 00cd9000 08:01 1347357                    /opt/java/jdk1.8.0_162/jre/lib/amd64/server/libjvm.so
7f6bc5afb000-7f6bc5bd5000 rw-p 00cd8000 08:01 1347357                    /opt/java/jdk1.8.0_162/jre/lib/amd64/server/libjvm.so
7f6bc5bd5000-7f6bc5c20000 rw-p 00000000 00:00 0 
7f6bc5c20000-7f6bc5de0000 r-xp 00000000 08:01 1708602                    /lib/x86_64-linux-gnu/libc-2.23.so
7f6bc5de0000-7f6bc5fe0000 ---p 001c0000 08:01 1708602                    /lib/x86_64-linux-gnu/libc-2.23.so
7f6bc5fe0000-7f6bc5fe4000 r--p 001c0000 08:01 1708602                    /lib/x86_64-linux-gnu/libc-2.23.so
7f6bc5fe4000-7f6bc5fe6000 rw-p 001c4000 08:01 1708602                    /lib/x86_64-linux-gnu/libc-2.23.so
7f6bc5fe6000-7f6bc5fea000 rw-p 00000000 00:00 0 
7f6bc5fea000-7f6bc5fed000 r-xp 00000000 08:01 1708621                    /lib/x86_64-linux-gnu/libdl-2.23.so
7f6bc5fed000-7f6bc61ec000 ---p 00003000 08:01 1708621                    /lib/x86_64-linux-gnu/libdl-2.23.so
7f6bc61ec000-7f6bc61ed000 r--p 00002000 08:01 1708621                    /lib/x86_64-linux-gnu/libdl-2.23.so
7f6bc61ed000-7f6bc61ee000 rw-p 00003000 08:01 1708621                    /lib/x86_64-linux-gnu/libdl-2.23.so
7f6bc61ee000-7f6bc6204000 r-xp 00000000 08:01 1343600                    /opt/java/jdk1.8.0_162/lib/amd64/jli/libjli.so
7f6bc6204000-7f6bc6403000 ---p 00016000 08:01 1343600                    /opt/java/jdk1.8.0_162/lib/amd64/jli/libjli.so
7f6bc6403000-7f6bc6404000 rw-p 00015000 08:01 1343600                    /opt/java/jdk1.8.0_162/lib/amd64/jli/libjli.so
7f6bc6404000-7f6bc641c000 r-xp 00000000 08:01 1708596                    /lib/x86_64-linux-gnu/libpthread-2.23.so
7f6bc641c000-7f6bc661b000 ---p 00018000 08:01 1708596                    /lib/x86_64-linux-gnu/libpthread-2.23.so
7f6bc661b000-7f6bc661c000 r--p 00017000 08:01 1708596                    /lib/x86_64-linux-gnu/libpthread-2.23.so
7f6bc661c000-7f6bc661d000 rw-p 00018000 08:01 1708596                    /lib/x86_64-linux-gnu/libpthread-2.23.so
7f6bc661d000-7f6bc6621000 rw-p 00000000 00:00 0 
7f6bc6621000-7f6bc6647000 r-xp 00000000 08:01 1708592                    /lib/x86_64-linux-gnu/ld-2.23.so
7f6bc6647000-7f6bc6653000 r--s 0007d000 08:05 4728887                    /home/esu/netbeans-8.2/java/maven/lib/maven-core-3.0.5.jar
7f6bc6653000-7f6bc6718000 rw-p 00000000 00:00 0 
7f6bc6718000-7f6bc671b000 ---p 00000000 00:00 0 
7f6bc671b000-7f6bc681d000 rw-p 00000000 00:00 0 
7f6bc681d000-7f6bc681f000 r--s 0000c000 08:05 4728839                    /home/esu/netbeans-8.2/java/maven/lib/maven-aether-provider-3.0.5.jar
7f6bc681f000-7f6bc6825000 r--s 0003f000 08:05 4728878                    /home/esu/netbeans-8.2/java/maven/lib/maven-compat-3.0.5.jar
7f6bc6825000-7f6bc6827000 r--s 0000a000 08:05 4728857                    /home/esu/netbeans-8.2/java/maven/boot/plexus-classworlds-2.4.jar
7f6bc6827000-7f6bc683b000 rw-p 00000000 00:00 0 
7f6bc683b000-7f6bc6843000 rw-s 00000000 08:01 537183                     /tmp/hsperfdata_esu/17246
7f6bc6843000-7f6bc6844000 rw-p 00000000 00:00 0 
7f6bc6844000-7f6bc6845000 r--p 00000000 00:00 0 
7f6bc6845000-7f6bc6846000 rw-p 00000000 00:00 0 
7f6bc6846000-7f6bc6847000 r--p 00025000 08:01 1708592                    /lib/x86_64-linux-gnu/ld-2.23.so
7f6bc6847000-7f6bc6848000 rw-p 00026000 08:01 1708592                    /lib/x86_64-linux-gnu/ld-2.23.so
7f6bc6848000-7f6bc6849000 rw-p 00000000 00:00 0 
7fffcf687000-7fffcf6a8000 rw-p 00000000 00:00 0                          [stack]
7fffcf7b6000-7fffcf7b8000 r--p 00000000 00:00 0                          [vvar]
7fffcf7b8000-7fffcf7ba000 r-xp 00000000 00:00 0                          [vdso]
ffffffffff600000-ffffffffff601000 r-xp 00000000 00:00 0                  [vsyscall]

VM Arguments:
jvm_args: -Dclassworlds.conf=/home/esu/netbeans-8.2/java/maven/bin/m2.conf -Dmaven.home=/home/esu/netbeans-8.2/java/maven 
java_command: org.codehaus.plexus.classworlds.launcher.Launcher -Dmaven.ext.class.path=/home/esu/netbeans-8.2/java/maven-nblib/netbeans-eventspy.jar jetty:run
java_class_path (initial): /home/esu/netbeans-8.2/java/maven/boot/plexus-classworlds-2.4.jar
Launcher Type: SUN_STANDARD

Environment Variables:
JAVA_HOME=/opt/java/jdk1.8.0_162
PATH=/usr/local/sbin:/usr/local/bin:/usr/sbin:/usr/bin:/sbin:/bin:/usr/games:/usr/local/games:/usr/lib/jvm/java-8-oracle/bin:/usr/lib/jvm/java-8-oracle/db/bin:/usr/lib/jvm/java-8-oracle/jre/bin
USERNAME=esu
LD_LIBRARY_PATH=/opt/java/jdk1.8.0_162/jre/lib/amd64:/opt/java/jdk1.8.0_162/jre/lib/i386:
SHELL=/bin/bash
DISPLAY=:0.0

Signal Handlers:
SIGSEGV: [libjvm.so+0xad03c0], sa_mask[0]=11111111011111111101111111111110, sa_flags=SA_RESTART|SA_SIGINFO
SIGBUS: [libjvm.so+0xad03c0], sa_mask[0]=11111111011111111101111111111110, sa_flags=SA_RESTART|SA_SIGINFO
SIGFPE: [libjvm.so+0x928210], sa_mask[0]=11111111011111111101111111111110, sa_flags=SA_RESTART|SA_SIGINFO
SIGPIPE: [libjvm.so+0x928210], sa_mask[0]=11111111011111111101111111111110, sa_flags=SA_RESTART|SA_SIGINFO
SIGXFSZ: [libjvm.so+0x928210], sa_mask[0]=11111111011111111101111111111110, sa_flags=SA_RESTART|SA_SIGINFO
SIGILL: [libjvm.so+0x928210], sa_mask[0]=11111111011111111101111111111110, sa_flags=SA_RESTART|SA_SIGINFO
SIGUSR1: SIG_DFL, sa_mask[0]=00000000000000000000000000000000, sa_flags=none
SIGUSR2: [libjvm.so+0x929a70], sa_mask[0]=00100000000000000000000000000000, sa_flags=SA_RESTART|SA_SIGINFO
SIGHUP: [libjvm.so+0x92ae70], sa_mask[0]=11111111011111111101111111111110, sa_flags=SA_RESTART|SA_SIGINFO
SIGINT: SIG_IGN, sa_mask[0]=00000000000000000000000000000000, sa_flags=none
SIGTERM: [libjvm.so+0x92ae70], sa_mask[0]=11111111011111111101111111111110, sa_flags=SA_RESTART|SA_SIGINFO
SIGQUIT: [libjvm.so+0x92ae70], sa_mask[0]=11111111011111111101111111111110, sa_flags=SA_RESTART|SA_SIGINFO


---------------  S Y S T E M  ---------------

OS:DISTRIB_ID=LinuxMint
DISTRIB_RELEASE=18
DISTRIB_CODENAME=sarah
DISTRIB_DESCRIPTION="Linux Mint 18 Sarah"

uname:Linux 4.4.0-96-generic #119-Ubuntu SMP Tue Sep 12 14:59:54 UTC 2017 x86_64
libc:glibc 2.23 NPTL 2.23 
rlimit: STACK 8192k, CORE 0k, NPROC 15637, NOFILE 1048576, AS infinity
load average:0.63 0.66 0.54

/proc/meminfo:
MemTotal:        4045204 kB
MemFree:          901196 kB
MemAvailable:    1226424 kB
Buffers:           47056 kB
Cached:           515168 kB
SwapCached:       207348 kB
Active:          2129080 kB
Inactive:         781272 kB
Active(anon):    1898260 kB
Inactive(anon):   501108 kB
Active(file):     230820 kB
Inactive(file):   280164 kB
Unevictable:          48 kB
Mlocked:              48 kB
SwapTotal:       9765620 kB
SwapFree:        8725312 kB
Dirty:               564 kB
Writeback:             0 kB
AnonPages:       2311452 kB
Mapped:           337556 kB
Shmem:             51232 kB
Slab:              82644 kB
SReclaimable:      40876 kB
SUnreclaim:        41768 kB
KernelStack:       12304 kB
PageTables:        43516 kB
NFS_Unstable:          0 kB
Bounce:                0 kB
WritebackTmp:          0 kB
CommitLimit:    11788220 kB
Committed_AS:    8336584 kB
VmallocTotal:   34359738367 kB
VmallocUsed:           0 kB
VmallocChunk:          0 kB
HardwareCorrupted:     0 kB
AnonHugePages:   1216512 kB
CmaTotal:              0 kB
CmaFree:               0 kB
HugePages_Total:       0
HugePages_Free:        0
HugePages_Rsvd:        0
HugePages_Surp:        0
Hugepagesize:       2048 kB
DirectMap4k:      265152 kB
DirectMap2M:     3928064 kB


CPU:total 2 (initial active 2) (2 cores per cpu, 1 threads per core) family 6 model 23 stepping 10, cmov, cx8, fxsr, mmx, sse, sse2, sse3, ssse3, sse4.1, tsc

/proc/cpuinfo:
processor	: 0
vendor_id	: GenuineIntel
cpu family	: 6
model		: 23
model name	: Intel(R) Core(TM)2 Duo CPU     E8400  @ 3.00GHz
stepping	: 10
microcode	: 0xa0b
cpu MHz		: 3996.000
cache size	: 6144 KB
physical id	: 0
siblings	: 2
core id		: 0
cpu cores	: 2
apicid		: 0
initial apicid	: 0
fpu		: yes
fpu_exception	: yes
cpuid level	: 13
wp		: yes
flags		: fpu vme de pse tsc msr pae mce cx8 apic sep mtrr pge mca cmov pat pse36 clflush dts acpi mmx fxsr sse sse2 ss ht tm pbe syscall nx lm constant_tsc arch_perfmon pebs bts rep_good nopl aperfmperf pni dtes64 monitor ds_cpl vmx smx est tm2 ssse3 cx16 xtpr pdcm sse4_1 xsave lahf_lm tpr_shadow vnmi flexpriority dtherm
bugs		:
bogomips	: 7996.22
clflush size	: 64
cache_alignment	: 64
address sizes	: 36 bits physical, 48 bits virtual
power management:

processor	: 1
vendor_id	: GenuineIntel
cpu family	: 6
model		: 23
model name	: Intel(R) Core(TM)2 Duo CPU     E8400  @ 3.00GHz
stepping	: 10
microcode	: 0xa0b
cpu MHz		: 3996.000
cache size	: 6144 KB
physical id	: 0
siblings	: 2
core id		: 1
cpu cores	: 2
apicid		: 1
initial apicid	: 1
fpu		: yes
fpu_exception	: yes
cpuid level	: 13
wp		: yes
flags		: fpu vme de pse tsc msr pae mce cx8 apic sep mtrr pge mca cmov pat pse36 clflush dts acpi mmx fxsr sse sse2 ss ht tm pbe syscall nx lm constant_tsc arch_perfmon pebs bts rep_good nopl aperfmperf pni dtes64 monitor ds_cpl vmx smx est tm2 ssse3 cx16 xtpr pdcm sse4_1 xsave lahf_lm tpr_shadow vnmi flexpriority dtherm
bugs		:
bogomips	: 7996.22
clflush size	: 64
cache_alignment	: 64
address sizes	: 36 bits physical, 48 bits virtual
power management:



Memory: 4k page, physical 4045204k(901196k free), swap 9765620k(8725312k free)

vm_info: Java HotSpot(TM) 64-Bit Server VM (25.162-b12) for linux-amd64 JRE (1.8.0_162-b12), built on Dec 19 2017 21:15:48 by "java_re" with gcc 4.3.0 20080428 (Red Hat 4.3.0-8)

time: Sun Apr 15 20:27:40 2018
elapsed time: 60 seconds (0d 0h 1m 0s)

