#
# A fatal error has been detected by the Java Runtime Environment:
#
#  SIGSEGV (0xb) at pc=0x00007f5e12005020, pid=11573, tid=0x00007f5e69c4e700
#
# JRE version: Java(TM) SE Runtime Environment (8.0_162-b12) (build 1.8.0_162-b12)
# Java VM: Java HotSpot(TM) 64-Bit Server VM (25.162-b12 mixed mode linux-amd64 compressed oops)
# Problematic frame:
# C  0x00007f5e12005020
#
# Failed to write core dump. Core dumps have been disabled. To enable core dumping, try "ulimit -c unlimited" before starting Java again
#
# If you would like to submit a bug report, please visit:
#   http://bugreport.java.com/bugreport/crash.jsp
#

---------------  T H R E A D  ---------------

Current thread (0x00007f5e6000a800):  JavaThread "main" [_thread_in_Java, id=11575, stack(0x00007f5e69b4e000,0x00007f5e69c4f000)]

siginfo: si_signo: 11 (SIGSEGV), si_code: 2 (SEGV_ACCERR), si_addr: 0x00007f5e12005020

Registers:
RAX=0x0000000000000000, RBX=0x00000000efa5a350, RCX=0x0000000000000000, RDX=0x0000000000000000
RSP=0x00007f5e69c4b8f8, RBP=0x00007f5e69c4bb88, RSI=0x00000000efa5a2a0, RDI=0x00007f5e6000a9f8
R8 =0x000000000000003a, R9 =0x000000000000003a, R10=0x0000000000000000, R11=0x00007f5e660f0000
R12=0x0000000000000000, R13=0x00000000efa5a3f0, R14=0x00007f5e69c4b8e0, R15=0x00007f5e6000a800
RIP=0x00007f5e12005020, EFLAGS=0x0000000000010206, CSGSFS=0x0000000000000033, ERR=0x0000000000000014
  TRAPNO=0x000000000000000e

Top of Stack: (sp=0x00007f5e69c4b8f8)
0x00007f5e69c4b8f8:   00007f5e511bb4cc 00007f5e60e7f690
0x00007f5e69c4b908:   0000000000000000 00007f5e69c4b960
0x00007f5e69c4b918:   00007f5e518e17f6 0000ffff00000000
0x00007f5e69c4b928:   0000000000000000 0000ffff00000000
0x00007f5e69c4b938:   00007f5e60e7f860 00000000efa5a2a0
0x00007f5e69c4b948:   0000000000000000 00000000ef937828
0x00007f5e69c4b958:   00007f5e4999c4f8 00007f5e69c4bb88
0x00007f5e69c4b968:   00007f5e518e44ac 00007f5e6000a800
0x00007f5e69c4b978:   00000001002382c8 00007f5e69c4bb40
0x00007f5e69c4b988:   0000000000000000 00007f5e518e29a0
0x00007f5e69c4b998:   0000000100238330 0000000000000008
0x00007f5e69c4b9a8:   00000000ef938208 0000000000000000
0x00007f5e69c4b9b8:   00000000ef937828 00007f5e6000a800
0x00007f5e69c4b9c8:   00000001002382c8 00007f5e69c4bb40
0x00007f5e69c4b9d8:   0000000000000000 00000000ef9381d8
0x00007f5e69c4b9e8:   00000000ef937828 00007f5e60e7f860
0x00007f5e69c4b9f8:   00000000efa5a090 0000000000000000
0x00007f5e69c4ba08:   00000000ef9381d8 00007f5e69c4ba40
0x00007f5e69c4ba18:   00007f5e69c4ba40 0000000000000218
0x00007f5e69c4ba28:   0000000000000001 00000000ef937828
0x00007f5e69c4ba38:   00007f5e4999c2d8 00007f5e69c4bb88
0x00007f5e69c4ba48:   00007f5e518e3b24 ffffffffffffffff
0x00007f5e69c4ba58:   00007f5e4999c2d8 00007f5e4999c208
0x00007f5e69c4ba68:   00000000ef9381d8 00007f5e69c4baa0
0x00007f5e69c4ba78:   00000000ef9381d8 00007f5e69c4bb88
0x00007f5e69c4ba88:   00007f5e518e24bc 00000000ef937828
0x00007f5e69c4ba98:   0000000100238330 00007f5e69c4bb88
0x00007f5e69c4baa8:   00007f5e518e3124 ffffffffffffffff
0x00007f5e69c4bab8:   00007f5e4999c208 00007f5e6000a800
0x00007f5e69c4bac8:   00007f5e4a5d1d78 00007f5e69c4bbd8
0x00007f5e69c4bad8:   00007f5e6000a800 00007f5e69c4bb88
0x00007f5e69c4bae8:   00007f5e518e29ec 00007f5e69c4baf0 

Instructions: (pc=0x00007f5e12005020)
0x00007f5e12005000:   
[error occurred during error reporting (printing registers, top of stack, instructions near pc), id 0xb]

Register to memory mapping:

RAX=0x0000000000000000 is an unknown value
RBX=0x00000000efa5a350 is an oop

[error occurred during error reporting (printing register info), id 0xb]

Stack: [0x00007f5e69b4e000,0x00007f5e69c4f000],  sp=0x00007f5e69c4b8f8,  free space=1014k
Native frames: (J=compiled Java code, j=interpreted, Vv=VM code, C=native code)
C  0x00007f5e12005020
j  org.eclipse.jetty.util.resource.JarFileResource.list()[Ljava/lang/String;+17
j  org.eclipse.jetty.util.resource.Resource.getAllResources()Ljava/util/Collection;+9
j  org.eclipse.jetty.webapp.MetaInfConfiguration.scanForTlds(Lorg/eclipse/jetty/webapp/WebAppContext;Lorg/eclipse/jetty/util/resource/Resource;Ljava/util/concurrent/ConcurrentHashMap;)V+195
j  org.eclipse.jetty.webapp.MetaInfConfiguration.scanJars(Lorg/eclipse/jetty/webapp/WebAppContext;Ljava/util/Collection;Z)V+188
j  org.eclipse.jetty.webapp.MetaInfConfiguration.preConfigure(Lorg/eclipse/jetty/webapp/WebAppContext;)V+150
j  org.eclipse.jetty.webapp.WebAppContext.preConfigure()V+165
j  org.eclipse.jetty.webapp.WebAppContext.doStart()V+12
j  org.eclipse.jetty.maven.plugin.JettyWebAppContext.doStart()V+367
j  org.eclipse.jetty.util.component.AbstractLifeCycle.start()V+31
j  org.eclipse.jetty.util.component.ContainerLifeCycle.start(Lorg/eclipse/jetty/util/component/LifeCycle;)V+1
j  org.eclipse.jetty.util.component.ContainerLifeCycle.doStart()V+129
j  org.eclipse.jetty.server.handler.AbstractHandler.doStart()V+55
j  org.eclipse.jetty.server.handler.ContextHandlerCollection.doStart()V+5
j  org.eclipse.jetty.util.component.AbstractLifeCycle.start()V+31
j  org.eclipse.jetty.util.component.ContainerLifeCycle.start(Lorg/eclipse/jetty/util/component/LifeCycle;)V+1
j  org.eclipse.jetty.util.component.ContainerLifeCycle.doStart()V+129
j  org.eclipse.jetty.server.handler.AbstractHandler.doStart()V+55
j  org.eclipse.jetty.util.component.AbstractLifeCycle.start()V+31
j  org.eclipse.jetty.util.component.ContainerLifeCycle.start(Lorg/eclipse/jetty/util/component/LifeCycle;)V+1
j  org.eclipse.jetty.server.Server.start(Lorg/eclipse/jetty/util/component/LifeCycle;)V+9
j  org.eclipse.jetty.util.component.ContainerLifeCycle.doStart()V+129
j  org.eclipse.jetty.server.handler.AbstractHandler.doStart()V+55
j  org.eclipse.jetty.server.Server.doStart()V+262
j  org.eclipse.jetty.maven.plugin.JettyServer.doStart()V+1
j  org.eclipse.jetty.util.component.AbstractLifeCycle.start()V+31
j  org.eclipse.jetty.maven.plugin.AbstractJettyMojo.startJetty()V+333
j  org.eclipse.jetty.maven.plugin.AbstractJettyMojo.execute()V+129
j  org.eclipse.jetty.maven.plugin.JettyRunMojo.execute()V+16
j  org.apache.maven.plugin.DefaultBuildPluginManager.executeMojo(Lorg/apache/maven/execution/MavenSession;Lorg/apache/maven/plugin/MojoExecution;)V+101
j  org.apache.maven.lifecycle.internal.MojoExecutor.execute(Lorg/apache/maven/execution/MavenSession;Lorg/apache/maven/plugin/MojoExecution;Lorg/apache/maven/lifecycle/internal/ProjectIndex;Lorg/apache/maven/lifecycle/internal/DependencyContext;)V+215
j  org.apache.maven.lifecycle.internal.MojoExecutor.execute(Lorg/apache/maven/execution/MavenSession;Lorg/apache/maven/plugin/MojoExecution;Lorg/apache/maven/lifecycle/internal/ProjectIndex;Lorg/apache/maven/lifecycle/internal/DependencyContext;Lorg/apache/maven/lifecycle/internal/PhaseRecorder;)V+6
j  org.apache.maven.lifecycle.internal.MojoExecutor.execute(Lorg/apache/maven/execution/MavenSession;Ljava/util/List;Lorg/apache/maven/lifecycle/internal/ProjectIndex;)V+60
j  org.apache.maven.lifecycle.internal.LifecycleModuleBuilder.buildProject(Lorg/apache/maven/execution/MavenSession;Lorg/apache/maven/execution/MavenSession;Lorg/apache/maven/lifecycle/internal/ReactorContext;Lorg/apache/maven/project/MavenProject;Lorg/apache/maven/lifecycle/internal/TaskSegment;)V+107
j  org.apache.maven.lifecycle.internal.LifecycleModuleBuilder.buildProject(Lorg/apache/maven/execution/MavenSession;Lorg/apache/maven/lifecycle/internal/ReactorContext;Lorg/apache/maven/project/MavenProject;Lorg/apache/maven/lifecycle/internal/TaskSegment;)V+7
j  org.apache.maven.lifecycle.internal.LifecycleStarter.singleThreadedBuild(Lorg/apache/maven/execution/MavenSession;Lorg/apache/maven/lifecycle/internal/ReactorContext;Lorg/apache/maven/lifecycle/internal/ProjectBuildList;Ljava/util/List;Lorg/apache/maven/lifecycle/internal/ReactorBuildStatus;)V+77
j  org.apache.maven.lifecycle.internal.LifecycleStarter.execute(Lorg/apache/maven/execution/MavenSession;)V+421
j  org.apache.maven.DefaultMaven.doExecute(Lorg/apache/maven/execution/MavenExecutionRequest;)Lorg/apache/maven/execution/MavenExecutionResult;+585
j  org.apache.maven.DefaultMaven.execute(Lorg/apache/maven/execution/MavenExecutionRequest;)Lorg/apache/maven/execution/MavenExecutionResult;+11
j  org.apache.maven.cli.MavenCli.execute(Lorg/apache/maven/cli/MavenCli$CliRequest;)I+19
j  org.apache.maven.cli.MavenCli.doMain(Lorg/apache/maven/cli/MavenCli$CliRequest;)I+53
j  org.apache.maven.cli.MavenCli.main([Ljava/lang/String;Lorg/codehaus/plexus/classworlds/ClassWorld;)I+18
v  ~StubRoutines::call_stub
V  [libjvm.so+0x695b86]  JavaCalls::call_helper(JavaValue*, methodHandle*, JavaCallArguments*, Thread*)+0x1056
V  [libjvm.so+0x9a4247]  Reflection::invoke(instanceKlassHandle, methodHandle, Handle, bool, objArrayHandle, BasicType, objArrayHandle, bool, Thread*)+0x5d7
V  [libjvm.so+0x9a7957]  Reflection::invoke_method(oopDesc*, Handle, objArrayHandle, Thread*)+0x147
V  [libjvm.so+0x7296db]  JVM_InvokeMethod+0x26b
j  sun.reflect.NativeMethodAccessorImpl.invoke0(Ljava/lang/reflect/Method;Ljava/lang/Object;[Ljava/lang/Object;)Ljava/lang/Object;+0
j  sun.reflect.NativeMethodAccessorImpl.invoke(Ljava/lang/Object;[Ljava/lang/Object;)Ljava/lang/Object;+100
j  sun.reflect.DelegatingMethodAccessorImpl.invoke(Ljava/lang/Object;[Ljava/lang/Object;)Ljava/lang/Object;+6
j  java.lang.reflect.Method.invoke(Ljava/lang/Object;[Ljava/lang/Object;)Ljava/lang/Object;+56
j  org.codehaus.plexus.classworlds.launcher.Launcher.launchEnhanced([Ljava/lang/String;)V+45
j  org.codehaus.plexus.classworlds.launcher.Launcher.launch([Ljava/lang/String;)V+2
j  org.codehaus.plexus.classworlds.launcher.Launcher.mainWithExitCode([Ljava/lang/String;)I+97
j  org.codehaus.plexus.classworlds.launcher.Launcher.main([Ljava/lang/String;)V+1
v  ~StubRoutines::call_stub
V  [libjvm.so+0x695b86]  JavaCalls::call_helper(JavaValue*, methodHandle*, JavaCallArguments*, Thread*)+0x1056
V  [libjvm.so+0x6d7112]  jni_invoke_static(JNIEnv_*, JavaValue*, _jobject*, JNICallType, _jmethodID*, JNI_ArgumentPusher*, Thread*)+0x362
V  [libjvm.so+0x6f397a]  jni_CallStaticVoidMethod+0x17a
C  [libjli.so+0x80ff]  JavaMain+0x81f
C  [libpthread.so.0+0x76ba]  start_thread+0xca


---------------  P R O C E S S  ---------------

Java Threads: ( => current thread )
  0x00007f5e60e3b000 JavaThread "qtp817490653-19" [_thread_blocked, id=11596, stack(0x00007f5e49b56000,0x00007f5e49c57000)]
  0x00007f5e60e39000 JavaThread "qtp817490653-18" [_thread_blocked, id=11595, stack(0x00007f5e49c57000,0x00007f5e49d58000)]
  0x00007f5e60e37000 JavaThread "qtp817490653-17" [_thread_blocked, id=11594, stack(0x00007f5e49d58000,0x00007f5e49e59000)]
  0x00007f5e60e35000 JavaThread "qtp817490653-16" [_thread_blocked, id=11593, stack(0x00007f5e49e59000,0x00007f5e49f5a000)]
  0x00007f5e60e33000 JavaThread "qtp817490653-15" [_thread_blocked, id=11592, stack(0x00007f5e49f5a000,0x00007f5e4a05b000)]
  0x00007f5e60e2f000 JavaThread "qtp817490653-14" [_thread_blocked, id=11591, stack(0x00007f5e4a05b000,0x00007f5e4a15c000)]
  0x00007f5e60e2d800 JavaThread "qtp817490653-13" [_thread_blocked, id=11590, stack(0x00007f5e4a15c000,0x00007f5e4a25d000)]
  0x00007f5e60e2c000 JavaThread "qtp817490653-12" [_thread_blocked, id=11589, stack(0x00007f5e4a25d000,0x00007f5e4a35e000)]
  0x00007f5e605f2800 JavaThread "process reaper" daemon [_thread_blocked, id=11587, stack(0x00007f5e4aed4000,0x00007f5e4af0d000)]
  0x00007f5e600bb000 JavaThread "Service Thread" daemon [_thread_blocked, id=11584, stack(0x00007f5e4b41f000,0x00007f5e4b520000)]
  0x00007f5e600b8000 JavaThread "C1 CompilerThread1" daemon [_thread_blocked, id=11583, stack(0x00007f5e4b520000,0x00007f5e4b621000)]
  0x00007f5e600b5800 JavaThread "C2 CompilerThread0" daemon [_thread_in_native, id=11582, stack(0x00007f5e4b621000,0x00007f5e4b722000)]
  0x00007f5e600b4000 JavaThread "Signal Dispatcher" daemon [_thread_blocked, id=11581, stack(0x00007f5e4b722000,0x00007f5e4b823000)]
  0x00007f5e60080800 JavaThread "Finalizer" daemon [_thread_blocked, id=11580, stack(0x00007f5e4bafb000,0x00007f5e4bbfc000)]
  0x00007f5e6007c000 JavaThread "Reference Handler" daemon [_thread_blocked, id=11579, stack(0x00007f5e4bbfc000,0x00007f5e4bcfd000)]
=>0x00007f5e6000a800 JavaThread "main" [_thread_in_Java, id=11575, stack(0x00007f5e69b4e000,0x00007f5e69c4f000)]

Other Threads:
  0x00007f5e60074000 VMThread [stack: 0x00007f5e4bcfd000,0x00007f5e4bdfe000] [id=11578]
  0x00007f5e600c0000 WatcherThread [stack: 0x00007f5e4b31e000,0x00007f5e4b41f000] [id=11585]

VM state:not at safepoint (normal execution)

VM Mutex/Monitor currently owned by a thread: None

Heap:
 PSYoungGen      total 133632K, used 75992K [0x00000000eb700000, 0x00000000f4200000, 0x0000000100000000)
  eden space 126464K, 54% used [0x00000000eb700000,0x00000000efac1b20,0x00000000f3280000)
  from space 7168K, 92% used [0x00000000f3a00000,0x00000000f40746e0,0x00000000f4100000)
  to   space 7680K, 0% used [0x00000000f3280000,0x00000000f3280000,0x00000000f3a00000)
 ParOldGen       total 42496K, used 10040K [0x00000000c2400000, 0x00000000c4d80000, 0x00000000eb700000)
  object space 42496K, 23% used [0x00000000c2400000,0x00000000c2dce370,0x00000000c4d80000)
 Metaspace       used 18456K, capacity 18924K, committed 19200K, reserved 1067008K
  class space    used 2133K, capacity 2274K, committed 2304K, reserved 1048576K

Card table byte_map: [0x00007f5e66702000,0x00007f5e668f1000] byte_map_base: 0x00007f5e660f0000

Marking Bits: (ParMarkBitMap*) 0x00007f5e69028ca0
 Begin Bits: [0x00007f5e644d6000, 0x00007f5e65446000)
 End Bits:   [0x00007f5e65446000, 0x00007f5e663b6000)

Polling page: 0x00007f5e69c7a000

CodeCache: size=245760Kb used=9221Kb max_used=9232Kb free=236538Kb
 bounds [0x00007f5e51000000, 0x00007f5e51910000, 0x00007f5e60000000]
 total_blobs=3536 nmethods=3188 adapters=263
 compilation: enabled

Compilation events (10 events):
Event: 2.491 Thread 0x00007f5e600b8000 3200   !   2       org.eclipse.jetty.util.resource.JarFileResource::exists (352 bytes)
Event: 2.492 Thread 0x00007f5e600b8000 nmethod 3200 0x00007f5e518ff790 code [0x00007f5e518ffa60, 0x00007f5e519005b8]
Event: 2.492 Thread 0x00007f5e600b8000 3201       2       sun.net.www.protocol.jar.JarURLConnection::setUseCaches (9 bytes)
Event: 2.492 Thread 0x00007f5e600b8000 nmethod 3201 0x00007f5e518f0d10 code [0x00007f5e518f0e80, 0x00007f5e518f1008]
Event: 2.494 Thread 0x00007f5e600b5800 nmethod 2966 0x00007f5e51904890 code [0x00007f5e51904a20, 0x00007f5e519053d8]
Event: 2.495 Thread 0x00007f5e600b5800 3193 %     4       java.io.UnixFileSystem::normalize @ 10 (75 bytes)
Event: 2.498 Thread 0x00007f5e600b5800 nmethod 3193% 0x00007f5e519057d0 code [0x00007f5e51905940, 0x00007f5e51905cc8]
Event: 2.498 Thread 0x00007f5e600b5800 3190       4       java.util.zip.ZipEntry::setExtra0 (360 bytes)
Event: 2.499 Thread 0x00007f5e600b5800 nmethod 3190 0x00007f5e518f0a10 code [0x00007f5e518f0b60, 0x00007f5e518f0c38]
Event: 2.499 Thread 0x00007f5e600b5800 3198       4       java.util.zip.ZipEntry::<init> (146 bytes)

GC Heap History (10 events):
Event: 0.551 GC heap before
{Heap before GC invocations=2 (full 0):
 PSYoungGen      total 18432K, used 18428K [0x00000000eb700000, 0x00000000edb00000, 0x0000000100000000)
  eden space 15872K, 100% used [0x00000000eb700000,0x00000000ec680000,0x00000000ec680000)
  from space 2560K, 99% used [0x00000000ec680000,0x00000000ec8ff0c8,0x00000000ec900000)
  to   space 2560K, 0% used [0x00000000ed880000,0x00000000ed880000,0x00000000edb00000)
 ParOldGen       total 42496K, used 658K [0x00000000c2400000, 0x00000000c4d80000, 0x00000000eb700000)
  object space 42496K, 1% used [0x00000000c2400000,0x00000000c24a4b48,0x00000000c4d80000)
 Metaspace       used 7813K, capacity 7938K, committed 8064K, reserved 1056768K
  class space    used 984K, capacity 1049K, committed 1152K, reserved 1048576K
Event: 0.556 GC heap after
Heap after GC invocations=2 (full 0):
 PSYoungGen      total 34304K, used 2555K [0x00000000eb700000, 0x00000000edb00000, 0x0000000100000000)
  eden space 31744K, 0% used [0x00000000eb700000,0x00000000eb700000,0x00000000ed600000)
  from space 2560K, 99% used [0x00000000ed880000,0x00000000edafefa8,0x00000000edb00000)
  to   space 2560K, 0% used [0x00000000ed600000,0x00000000ed600000,0x00000000ed880000)
 ParOldGen       total 42496K, used 870K [0x00000000c2400000, 0x00000000c4d80000, 0x00000000eb700000)
  object space 42496K, 2% used [0x00000000c2400000,0x00000000c24d98e0,0x00000000c4d80000)
 Metaspace       used 7813K, capacity 7938K, committed 8064K, reserved 1056768K
  class space    used 984K, capacity 1049K, committed 1152K, reserved 1048576K
}
Event: 0.970 GC heap before
{Heap before GC invocations=3 (full 0):
 PSYoungGen      total 34304K, used 34299K [0x00000000eb700000, 0x00000000edb00000, 0x0000000100000000)
  eden space 31744K, 100% used [0x00000000eb700000,0x00000000ed600000,0x00000000ed600000)
  from space 2560K, 99% used [0x00000000ed880000,0x00000000edafefa8,0x00000000edb00000)
  to   space 2560K, 0% used [0x00000000ed600000,0x00000000ed600000,0x00000000ed880000)
 ParOldGen       total 42496K, used 870K [0x00000000c2400000, 0x00000000c4d80000, 0x00000000eb700000)
  object space 42496K, 2% used [0x00000000c2400000,0x00000000c24d98e0,0x00000000c4d80000)
 Metaspace       used 12894K, capacity 13192K, committed 13568K, reserved 1060864K
  class space    used 1588K, capacity 1690K, committed 1792K, reserved 1048576K
Event: 0.984 GC heap after
Heap after GC invocations=3 (full 0):
 PSYoungGen      total 34304K, used 2560K [0x00000000eb700000, 0x00000000efa00000, 0x0000000100000000)
  eden space 31744K, 0% used [0x00000000eb700000,0x00000000eb700000,0x00000000ed600000)
  from space 2560K, 100% used [0x00000000ed600000,0x00000000ed880000,0x00000000ed880000)
  to   space 2560K, 0% used [0x00000000ef780000,0x00000000ef780000,0x00000000efa00000)
 ParOldGen       total 42496K, used 4991K [0x00000000c2400000, 0x00000000c4d80000, 0x00000000eb700000)
  object space 42496K, 11% used [0x00000000c2400000,0x00000000c28dffd8,0x00000000c4d80000)
 Metaspace       used 12894K, capacity 13192K, committed 13568K, reserved 1060864K
  class space    used 1588K, capacity 1690K, committed 1792K, reserved 1048576K
}
Event: 1.266 GC heap before
{Heap before GC invocations=4 (full 0):
 PSYoungGen      total 34304K, used 34304K [0x00000000eb700000, 0x00000000efa00000, 0x0000000100000000)
  eden space 31744K, 100% used [0x00000000eb700000,0x00000000ed600000,0x00000000ed600000)
  from space 2560K, 100% used [0x00000000ed600000,0x00000000ed880000,0x00000000ed880000)
  to   space 2560K, 0% used [0x00000000ef780000,0x00000000ef780000,0x00000000efa00000)
 ParOldGen       total 42496K, used 4991K [0x00000000c2400000, 0x00000000c4d80000, 0x00000000eb700000)
  object space 42496K, 11% used [0x00000000c2400000,0x00000000c28dffd8,0x00000000c4d80000)
 Metaspace       used 13497K, capacity 13856K, committed 14080K, reserved 1060864K
  class space    used 1641K, capacity 1758K, committed 1792K, reserved 1048576K
Event: 1.286 GC heap after
Heap after GC invocations=4 (full 0):
 PSYoungGen      total 66048K, used 2544K [0x00000000eb700000, 0x00000000efa00000, 0x0000000100000000)
  eden space 63488K, 0% used [0x00000000eb700000,0x00000000eb700000,0x00000000ef500000)
  from space 2560K, 99% used [0x00000000ef780000,0x00000000ef9fc010,0x00000000efa00000)
  to   space 2560K, 0% used [0x00000000ef500000,0x00000000ef500000,0x00000000ef780000)
 ParOldGen       total 42496K, used 7351K [0x00000000c2400000, 0x00000000c4d80000, 0x00000000eb700000)
  object space 42496K, 17% used [0x00000000c2400000,0x00000000c2b2dcd0,0x00000000c4d80000)
 Metaspace       used 13497K, capacity 13856K, committed 14080K, reserved 1060864K
  class space    used 1641K, capacity 1758K, committed 1792K, reserved 1048576K
}
Event: 1.567 GC heap before
{Heap before GC invocations=5 (full 0):
 PSYoungGen      total 66048K, used 66032K [0x00000000eb700000, 0x00000000efa00000, 0x0000000100000000)
  eden space 63488K, 100% used [0x00000000eb700000,0x00000000ef500000,0x00000000ef500000)
  from space 2560K, 99% used [0x00000000ef780000,0x00000000ef9fc010,0x00000000efa00000)
  to   space 2560K, 0% used [0x00000000ef500000,0x00000000ef500000,0x00000000ef780000)
 ParOldGen       total 42496K, used 7351K [0x00000000c2400000, 0x00000000c4d80000, 0x00000000eb700000)
  object space 42496K, 17% used [0x00000000c2400000,0x00000000c2b2dcd0,0x00000000c4d80000)
 Metaspace       used 13970K, capacity 14240K, committed 14336K, reserved 1062912K
  class space    used 1659K, capacity 1758K, committed 1792K, reserved 1048576K
Event: 1.581 GC heap after
Heap after GC invocations=5 (full 0):
 PSYoungGen      total 66048K, used 2544K [0x00000000eb700000, 0x00000000f4100000, 0x0000000100000000)
  eden space 63488K, 0% used [0x00000000eb700000,0x00000000eb700000,0x00000000ef500000)
  from space 2560K, 99% used [0x00000000ef500000,0x00000000ef77c030,0x00000000ef780000)
  to   space 7168K, 0% used [0x00000000f3a00000,0x00000000f3a00000,0x00000000f4100000)
 ParOldGen       total 42496K, used 10040K [0x00000000c2400000, 0x00000000c4d80000, 0x00000000eb700000)
  object space 42496K, 23% used [0x00000000c2400000,0x00000000c2dce370,0x00000000c4d80000)
 Metaspace       used 13970K, capacity 14240K, committed 14336K, reserved 1062912K
  class space    used 1659K, capacity 1758K, committed 1792K, reserved 1048576K
}
Event: 2.006 GC heap before
{Heap before GC invocations=6 (full 0):
 PSYoungGen      total 66048K, used 66032K [0x00000000eb700000, 0x00000000f4100000, 0x0000000100000000)
  eden space 63488K, 100% used [0x00000000eb700000,0x00000000ef500000,0x00000000ef500000)
  from space 2560K, 99% used [0x00000000ef500000,0x00000000ef77c030,0x00000000ef780000)
  to   space 7168K, 0% used [0x00000000f3a00000,0x00000000f3a00000,0x00000000f4100000)
 ParOldGen       total 42496K, used 10040K [0x00000000c2400000, 0x00000000c4d80000, 0x00000000eb700000)
  object space 42496K, 23% used [0x00000000c2400000,0x00000000c2dce370,0x00000000c4d80000)
 Metaspace       used 15451K, capacity 15878K, committed 16128K, reserved 1062912K
  class space    used 1805K, capacity 1943K, committed 2048K, reserved 1048576K
Event: 2.022 GC heap after
Heap after GC invocations=6 (full 0):
 PSYoungGen      total 133632K, used 6609K [0x00000000eb700000, 0x00000000f4200000, 0x0000000100000000)
  eden space 126464K, 0% used [0x00000000eb700000,0x00000000eb700000,0x00000000f3280000)
  from space 7168K, 92% used [0x00000000f3a00000,0x00000000f40746e0,0x00000000f4100000)
  to   space 7680K, 0% used [0x00000000f3280000,0x00000000f3280000,0x00000000f3a00000)
 ParOldGen       total 42496K, used 10040K [0x00000000c2400000, 0x00000000c4d80000, 0x00000000eb700000)
  object space 42496K, 23% used [0x00000000c2400000,0x00000000c2dce370,0x00000000c4d80000)
 Metaspace       used 15451K, capacity 15878K, committed 16128K, reserved 1062912K
  class space    used 1805K, capacity 1943K, committed 2048K, reserved 1048576K
}

Deoptimization events (10 events):
Event: 1.766 Thread 0x00007f5e6000a800 Uncommon trap: reason=bimorphic action=maybe_recompile pc=0x00007f5e51674294 method=java.util.concurrent.ConcurrentHashMap.get(Ljava/lang/Object;)Ljava/lang/Object; @ 149
Event: 1.769 Thread 0x00007f5e6000a800 Uncommon trap: reason=bimorphic action=maybe_recompile pc=0x00007f5e51674294 method=java.util.concurrent.ConcurrentHashMap.get(Ljava/lang/Object;)Ljava/lang/Object; @ 149
Event: 1.770 Thread 0x00007f5e6000a800 Uncommon trap: reason=bimorphic action=maybe_recompile pc=0x00007f5e51674294 method=java.util.concurrent.ConcurrentHashMap.get(Ljava/lang/Object;)Ljava/lang/Object; @ 149
Event: 1.772 Thread 0x00007f5e6000a800 Uncommon trap: reason=bimorphic action=maybe_recompile pc=0x00007f5e51674294 method=java.util.concurrent.ConcurrentHashMap.get(Ljava/lang/Object;)Ljava/lang/Object; @ 149
Event: 1.955 Thread 0x00007f5e6000a800 Uncommon trap: reason=null_check action=make_not_entrant pc=0x00007f5e517b5424 method=org.apache.maven.model.io.xpp3.MavenXpp3Reader.checkFieldWithDuplicate(Lorg/codehaus/plexus/util/xml/pull/XmlPullParser;Ljava/lang/String;Ljava/lang/String;Ljava/util/Se
Event: 2.277 Thread 0x00007f5e6000a800 Uncommon trap: reason=bimorphic action=maybe_recompile pc=0x00007f5e517ae3f4 method=java.util.regex.Pattern$CharProperty.match(Ljava/util/regex/Matcher;ILjava/lang/CharSequence;)Z @ 37
Event: 2.368 Thread 0x00007f5e6000a800 Uncommon trap: reason=unstable_if action=reinterpret pc=0x00007f5e51831bfc method=java.util.regex.Pattern.clazz(Z)Ljava/util/regex/Pattern$CharProperty; @ 347
Event: 2.370 Thread 0x00007f5e6000a800 Uncommon trap: reason=bimorphic action=maybe_recompile pc=0x00007f5e517ae3f4 method=java.util.regex.Pattern$CharProperty.match(Ljava/util/regex/Matcher;ILjava/lang/CharSequence;)Z @ 37
Event: 2.370 Thread 0x00007f5e6000a800 Uncommon trap: reason=bimorphic action=maybe_recompile pc=0x00007f5e517ae3f4 method=java.util.regex.Pattern$CharProperty.match(Ljava/util/regex/Matcher;ILjava/lang/CharSequence;)Z @ 37
Event: 2.370 Thread 0x00007f5e6000a800 Uncommon trap: reason=bimorphic action=maybe_recompile pc=0x00007f5e517ae3f4 method=java.util.regex.Pattern$CharProperty.match(Ljava/util/regex/Matcher;ILjava/lang/CharSequence;)Z @ 37

Classes redefined (0 events):
No events

Internal exceptions (10 events):
Event: 0.830 Thread 0x00007f5e6000a800 Exception <a 'java/lang/NoSuchFieldError': method resolution failed> (0x00000000ecd8b818) thrown at [/HUDSON/workspace/8-2-build-linux-amd64/jdk8u162/10278/hotspot/src/share/vm/prims/methodHandles.cpp, line 1167]
Event: 1.097 Thread 0x00007f5e6000a800 Implicit null exception at 0x00007f5e513607b5 to 0x00007f5e5136099d
Event: 1.097 Thread 0x00007f5e6000a800 Implicit null exception at 0x00007f5e513243af to 0x00007f5e51324419
Event: 1.118 Thread 0x00007f5e6000a800 Implicit null exception at 0x00007f5e513b599b to 0x00007f5e513b6139
Event: 1.689 Thread 0x00007f5e6000a800 Exception <a 'java/lang/NoClassDefFoundError': org/slf4j/Logger> (0x00000000ec75a140) thrown at [/HUDSON/workspace/8-2-build-linux-amd64/jdk8u162/10278/hotspot/src/share/vm/oops/constantPool.cpp, line 235]
Event: 1.761 Thread 0x00007f5e6000a800 Exception <a 'java/lang/NoClassDefFoundError': org/slf4j/Logger> (0x00000000ed131778) thrown at [/HUDSON/workspace/8-2-build-linux-amd64/jdk8u162/10278/hotspot/src/share/vm/oops/constantPool.cpp, line 235]
Event: 1.916 Thread 0x00007f5e6000a800 Exception <a 'java/lang/NoClassDefFoundError': org/slf4j/Logger> (0x00000000ee4d3d08) thrown at [/HUDSON/workspace/8-2-build-linux-amd64/jdk8u162/10278/hotspot/src/share/vm/oops/constantPool.cpp, line 235]
Event: 1.955 Thread 0x00007f5e6000a800 Implicit null exception at 0x00007f5e517b51a6 to 0x00007f5e517b5409
Event: 2.240 Thread 0x00007f5e6000a800 Exception <a 'java/lang/NoClassDefFoundError': org/slf4j/Logger> (0x00000000ed9ecde0) thrown at [/HUDSON/workspace/8-2-build-linux-amd64/jdk8u162/10278/hotspot/src/share/vm/oops/constantPool.cpp, line 235]
Event: 2.275 Thread 0x00007f5e6000a800 Exception <a 'java/lang/NoClassDefFoundError': org/slf4j/Logger> (0x00000000edc6f1a8) thrown at [/HUDSON/workspace/8-2-build-linux-amd64/jdk8u162/10278/hotspot/src/share/vm/classfile/systemDictionary.cpp, line 199]

Events (10 events):
Event: 2.444 loading class java/util/WeakHashMap$HashIterator done
Event: 2.444 loading class java/util/WeakHashMap$EntryIterator done
Event: 2.444 loading class org/eclipse/jetty/webapp/MetaDataComplete
Event: 2.444 loading class org/eclipse/jetty/webapp/MetaDataComplete done
Event: 2.444 loading class org/eclipse/jetty/webapp/MetaDataComplete
Event: 2.444 loading class org/eclipse/jetty/webapp/MetaDataComplete done
Event: 2.445 loading class java/util/jar/JarFile$JarEntryIterator
Event: 2.445 loading class java/util/jar/JarFile$JarEntryIterator done
Event: 2.446 loading class java/util/zip/ZipFile$ZipEntryIterator
Event: 2.446 loading class java/util/zip/ZipFile$ZipEntryIterator done


Dynamic libraries:
00400000-00401000 r-xp 00000000 08:01 1330267                            /opt/java/jdk1.8.0_162/bin/java
00600000-00601000 rw-p 00000000 08:01 1330267                            /opt/java/jdk1.8.0_162/bin/java
00e88000-00ea9000 rw-p 00000000 00:00 0                                  [heap]
c2400000-c4d80000 rw-p 00000000 00:00 0 
c4d80000-eb700000 ---p 00000000 00:00 0 
eb700000-f4200000 rw-p 00000000 00:00 0 
f4200000-100000000 ---p 00000000 00:00 0 
100000000-100240000 rw-p 00000000 00:00 0 
100240000-140000000 ---p 00000000 00:00 0 
7f5e10000000-7f5e10021000 rw-p 00000000 00:00 0 
7f5e10021000-7f5e14000000 ---p 00000000 00:00 0 
7f5e14000000-7f5e14021000 rw-p 00000000 00:00 0 
7f5e14021000-7f5e18000000 ---p 00000000 00:00 0 
7f5e18000000-7f5e18021000 rw-p 00000000 00:00 0 
7f5e18021000-7f5e1c000000 ---p 00000000 00:00 0 
7f5e1cfff000-7f5e20000000 rw-p 00000000 00:00 0 
7f5e20000000-7f5e20021000 rw-p 00000000 00:00 0 
7f5e20021000-7f5e24000000 ---p 00000000 00:00 0 
7f5e24000000-7f5e24021000 rw-p 00000000 00:00 0 
7f5e24021000-7f5e28000000 ---p 00000000 00:00 0 
7f5e28000000-7f5e28a95000 rw-p 00000000 00:00 0 
7f5e28a95000-7f5e2c000000 ---p 00000000 00:00 0 
7f5e2c000000-7f5e2c021000 rw-p 00000000 00:00 0 
7f5e2c021000-7f5e30000000 ---p 00000000 00:00 0 
7f5e30000000-7f5e30021000 rw-p 00000000 00:00 0 
7f5e30021000-7f5e34000000 ---p 00000000 00:00 0 
7f5e34000000-7f5e346d9000 rw-p 00000000 00:00 0 
7f5e346d9000-7f5e38000000 ---p 00000000 00:00 0 
7f5e38000000-7f5e38021000 rw-p 00000000 00:00 0 
7f5e38021000-7f5e3c000000 ---p 00000000 00:00 0 
7f5e3c000000-7f5e3c021000 rw-p 00000000 00:00 0 
7f5e3c021000-7f5e40000000 ---p 00000000 00:00 0 
7f5e40000000-7f5e40021000 rw-p 00000000 00:00 0 
7f5e40021000-7f5e44000000 ---p 00000000 00:00 0 
7f5e44000000-7f5e44021000 rw-p 00000000 00:00 0 
7f5e44021000-7f5e48000000 ---p 00000000 00:00 0 
7f5e4988c000-7f5e498ca000 r--s 00482000 08:05 4983605                    /home/esu/.m2/repository/org/eclipse/persistence/org.eclipse.persistence.core/2.5.0-M13/org.eclipse.persistence.core-2.5.0-M13.jar
7f5e498ca000-7f5e498d1000 r--s 00071000 08:05 3018229                    /home/esu/.m2/repository/org/eclipse/persistence/org.eclipse.persistence.moxy/2.5.0-M13/org.eclipse.persistence.moxy-2.5.0-M13.jar
7f5e498d1000-7f5e498d2000 r--s 00003000 08:05 4983600                    /home/esu/.m2/repository/org/glassfish/jersey/media/jersey-media-moxy/2.0/jersey-media-moxy-2.0.jar
7f5e498d2000-7f5e498d3000 r--s 00006000 08:05 4983567                    /home/esu/.m2/repository/org/codehaus/jackson/jackson-xc/1.9.11/jackson-xc-1.9.11.jar
7f5e498d3000-7f5e498d4000 r--s 00004000 08:05 4983565                    /home/esu/.m2/repository/org/codehaus/jackson/jackson-jaxrs/1.9.11/jackson-jaxrs-1.9.11.jar
7f5e498d4000-7f5e498e3000 r--s 000b0000 08:05 4983562                    /home/esu/.m2/repository/org/codehaus/jackson/jackson-mapper-asl/1.9.11/jackson-mapper-asl-1.9.11.jar
7f5e498e3000-7f5e498e7000 r--s 00035000 08:05 4983570                    /home/esu/.m2/repository/org/codehaus/jackson/jackson-core-asl/1.9.11/jackson-core-asl-1.9.11.jar
7f5e498e7000-7f5e498e9000 r--s 00000000 08:05 4983559                    /home/esu/.m2/repository/org/glassfish/jersey/media/jersey-media-json-jackson/2.0/jersey-media-json-jackson-2.0.jar
7f5e498e9000-7f5e498ed000 r--s 00018000 08:05 3541034                    /home/esu/.m2/repository/javax/ws/rs/javax.ws.rs-api/2.0/javax.ws.rs-api-2.0.jar
7f5e498ed000-7f5e498f1000 r--s 0000c000 08:05 4983478                    /home/esu/.m2/repository/javax/validation/validation-api/1.1.0.Final/validation-api-1.1.0.Final.jar
7f5e498f1000-7f5e498f5000 r--s 00019000 08:05 4983493                    /home/esu/.m2/repository/org/glassfish/jersey/core/jersey-client/2.0/jersey-client-2.0.jar
7f5e498f5000-7f5e49907000 r--s 00099000 08:05 4983480                    /home/esu/.m2/repository/org/glassfish/jersey/core/jersey-server/2.0/jersey-server-2.0.jar
7f5e49907000-7f5e49908000 r--s 00004000 08:05 4983490                    /home/esu/.m2/repository/org/glassfish/hk2/osgi-resource-locator/1.0.1/osgi-resource-locator-1.0.1.jar
7f5e49908000-7f5e4990f000 r--s 0003f000 08:05 4983492                    /home/esu/.m2/repository/org/glassfish/hk2/external/cglib/2.1.88/cglib-2.1.88.jar
7f5e4990f000-7f5e49914000 r--s 00047000 08:05 4983503                    /home/esu/.m2/repository/org/glassfish/hk2/external/asm-all-repackaged/2.1.88/asm-all-repackaged-2.1.88.jar
7f5e49914000-7f5e49916000 r--s 0001d000 08:05 4983504                    /home/esu/.m2/repository/org/glassfish/hk2/hk2-locator/2.1.88/hk2-locator-2.1.88.jar
7f5e49916000-7f5e49918000 r--s 0000b000 08:05 4983501                    /home/esu/.m2/repository/org/glassfish/hk2/hk2-utils/2.1.88/hk2-utils-2.1.88.jar
7f5e49918000-7f5e4991c000 r--s 00018000 08:05 4983497                    /home/esu/.m2/repository/org/glassfish/hk2/hk2-api/2.1.88/hk2-api-2.1.88.jar
7f5e4991c000-7f5e49945000 r--s 001ee000 08:05 4983488                    /home/esu/.m2/repository/com/google/guava/guava/14.0.1/guava-14.0.1.jar
7f5e49945000-7f5e49952000 r--s 00082000 08:05 4983507                    /home/esu/.m2/repository/org/glassfish/jersey/core/jersey-common/2.0/jersey-common-2.0.jar
7f5e49952000-7f5e49953000 r--s 00001000 08:05 4983512                    /home/esu/.m2/repository/org/glassfish/hk2/external/javax.inject/2.1.88/javax.inject-2.1.88.jar
7f5e49953000-7f5e49955000 r--s 0000b000 08:05 4983484                    /home/esu/.m2/repository/org/glassfish/jersey/containers/jersey-container-servlet-core/2.0/jersey-container-servlet-core-2.0.jar
7f5e49955000-7f5e49956000 r--s 00003000 08:05 4983468                    /home/esu/.m2/repository/org/glassfish/jersey/containers/jersey-container-servlet/2.0/jersey-container-servlet-2.0.jar
7f5e49956000-7f5e499d6000 rw-p 00000000 00:00 0 
7f5e499d6000-7f5e49b56000 ---p 00000000 00:00 0 
7f5e49b56000-7f5e49b59000 ---p 00000000 00:00 0 
7f5e49b59000-7f5e49c57000 rw-p 00000000 00:00 0 
7f5e49c57000-7f5e49c5a000 ---p 00000000 00:00 0 
7f5e49c5a000-7f5e49d58000 rw-p 00000000 00:00 0 
7f5e49d58000-7f5e49d5b000 ---p 00000000 00:00 0 
7f5e49d5b000-7f5e49e59000 rw-p 00000000 00:00 0 
7f5e49e59000-7f5e49e5c000 ---p 00000000 00:00 0 
7f5e49e5c000-7f5e49f5a000 rw-p 00000000 00:00 0 
7f5e49f5a000-7f5e49f5d000 ---p 00000000 00:00 0 
7f5e49f5d000-7f5e4a05b000 rw-p 00000000 00:00 0 
7f5e4a05b000-7f5e4a05e000 ---p 00000000 00:00 0 
7f5e4a05e000-7f5e4a15c000 rw-p 00000000 00:00 0 
7f5e4a15c000-7f5e4a15f000 ---p 00000000 00:00 0 
7f5e4a15f000-7f5e4a25d000 rw-p 00000000 00:00 0 
7f5e4a25d000-7f5e4a260000 ---p 00000000 00:00 0 
7f5e4a260000-7f5e4a35e000 rw-p 00000000 00:00 0 
7f5e4a35e000-7f5e4a367000 r-xp 00000000 08:01 1347347                    /opt/java/jdk1.8.0_162/jre/lib/amd64/libmanagement.so
7f5e4a367000-7f5e4a566000 ---p 00009000 08:01 1347347                    /opt/java/jdk1.8.0_162/jre/lib/amd64/libmanagement.so
7f5e4a566000-7f5e4a567000 rw-p 00008000 08:01 1347347                    /opt/java/jdk1.8.0_162/jre/lib/amd64/libmanagement.so
7f5e4a567000-7f5e4a767000 rw-p 00000000 00:00 0 
7f5e4a767000-7f5e4a769000 r--s 00006000 08:05 6294814                    /home/esu/.m2/repository/javax/transaction/javax.transaction-api/1.2/javax.transaction-api-1.2.jar
7f5e4a769000-7f5e4a76e000 r--s 0002d000 08:05 2622596                    /home/esu/.m2/repository/org/apache/taglibs/taglibs-standard-impl/1.2.1/taglibs-standard-impl-1.2.1.jar
7f5e4a76e000-7f5e4a770000 r--s 00008000 08:05 2622594                    /home/esu/.m2/repository/org/apache/taglibs/taglibs-standard-spec/1.2.1/taglibs-standard-spec-1.2.1.jar
7f5e4a770000-7f5e4a771000 r--s 00000000 08:05 6294809                    /home/esu/.m2/repository/org/eclipse/jetty/apache-jstl/9.2.4.v20141103/apache-jstl-9.2.4.v20141103.jar
7f5e4a771000-7f5e4a780000 r--s 001a0000 08:05 6294810                    /home/esu/.m2/repository/org/eclipse/jetty/orbit/org.eclipse.jdt.core/3.8.2.v20130121/org.eclipse.jdt.core-3.8.2.v20130121.jar
7f5e4a780000-7f5e4a785000 r--s 00036000 08:05 6294806                    /home/esu/.m2/repository/org/mortbay/jasper/apache-el/8.0.9.M3/apache-el-8.0.9.M3.jar
7f5e4a785000-7f5e4a793000 r--s 000dc000 08:05 5769026                    /home/esu/.m2/repository/org/mortbay/jasper/apache-jsp/8.0.9.M3/apache-jsp-8.0.9.M3.jar
7f5e4a793000-7f5e4a795000 r--s 0002c000 08:05 6294802                    /home/esu/.m2/repository/org/eclipse/jetty/toolchain/jetty-schemas/3.1.M0/jetty-schemas-3.1.M0.jar
7f5e4a795000-7f5e4a797000 r--s 00001000 08:05 6294798                    /home/esu/.m2/repository/org/eclipse/jetty/apache-jsp/9.2.4.v20141103/apache-jsp-9.2.4.v20141103.jar
7f5e4a797000-7f5e4a799000 r--s 00003000 08:05 6294803                    /home/esu/.m2/repository/org/eclipse/jetty/websocket/websocket-servlet/9.2.4.v20141103/websocket-servlet-9.2.4.v20141103.jar
7f5e4a799000-7f5e4a79b000 r--s 00007000 08:05 6294804                    /home/esu/.m2/repository/org/eclipse/jetty/websocket/websocket-client/9.2.4.v20141103/websocket-client-9.2.4.v20141103.jar
7f5e4a79b000-7f5e4a79d000 r--s 00009000 08:05 6294792                    /home/esu/.m2/repository/org/eclipse/jetty/websocket/websocket-api/9.2.4.v20141103/websocket-api-9.2.4.v20141103.jar
7f5e4a79d000-7f5e4a7a1000 r--s 00028000 08:05 6294799                    /home/esu/.m2/repository/org/eclipse/jetty/websocket/websocket-common/9.2.4.v20141103/websocket-common-9.2.4.v20141103.jar
7f5e4a7a1000-7f5e4a7a3000 r--s 00008000 08:05 6294797                    /home/esu/.m2/repository/org/eclipse/jetty/websocket/websocket-server/9.2.4.v20141103/websocket-server-9.2.4.v20141103.jar
7f5e4a7a3000-7f5e4a7a5000 r--s 00007000 08:05 6294787                    /home/esu/.m2/repository/javax/websocket/javax.websocket-api/1.0/javax.websocket-api-1.0.jar
7f5e4a7a5000-7f5e4a7aa000 r--s 00022000 08:05 6294788                    /home/esu/.m2/repository/org/eclipse/jetty/websocket/javax-websocket-client-impl/9.2.4.v20141103/javax-websocket-client-impl-9.2.4.v20141103.jar
7f5e4a7aa000-7f5e4a7ac000 r--s 00008000 08:05 6294794                    /home/esu/.m2/repository/org/eclipse/jetty/websocket/javax-websocket-server-impl/9.2.4.v20141103/javax-websocket-server-impl-9.2.4.v20141103.jar
7f5e4a7ac000-7f5e4a7ae000 r--s 00006000 08:05 5377651                    /home/esu/.m2/repository/org/ow2/asm/asm-tree/5.0.1/asm-tree-5.0.1.jar
7f5e4a7ae000-7f5e4a7b0000 r--s 00009000 08:05 5250980                    /home/esu/.m2/repository/org/ow2/asm/asm-commons/5.0.1/asm-commons-5.0.1.jar
7f5e4a7b0000-7f5e4a7b1000 r--s 0000c000 08:05 6294783                    /home/esu/.m2/repository/org/ow2/asm/asm/5.0.1/asm-5.0.1.jar
7f5e4a7b1000-7f5e4a7b3000 r--s 00005000 08:05 3937108                    /home/esu/.m2/repository/javax/annotation/javax.annotation-api/1.2/javax.annotation-api-1.2.jar
7f5e4a7b3000-7f5e4a7b5000 r--s 00012000 08:05 6294782                    /home/esu/.m2/repository/org/eclipse/jetty/jetty-annotations/9.2.4.v20141103/jetty-annotations-9.2.4.v20141103.jar
7f5e4a7b5000-7f5e4a7b6000 r--s 00005000 08:05 6294789                    /home/esu/.m2/repository/org/eclipse/jetty/jetty-jmx/9.2.4.v20141103/jetty-jmx-9.2.4.v20141103.jar
7f5e4a7b6000-7f5e4a7b9000 r--s 00017000 08:05 6294777                    /home/esu/.m2/repository/org/eclipse/jetty/jetty-io/9.2.4.v20141103/jetty-io-9.2.4.v20141103.jar
7f5e4a7b9000-7f5e4a7bb000 r--s 00018000 08:05 6294776                    /home/esu/.m2/repository/org/eclipse/jetty/jetty-http/9.2.4.v20141103/jetty-http-9.2.4.v20141103.jar
7f5e4a7bb000-7f5e4a7be000 r--s 00015000 08:05 6294775                    /home/esu/.m2/repository/javax/servlet/javax.servlet-api/3.1.0/javax.servlet-api-3.1.0.jar
7f5e4a7be000-7f5e4a7c4000 r--s 00060000 08:05 6294773                    /home/esu/.m2/repository/org/eclipse/jetty/jetty-server/9.2.4.v20141103/jetty-server-9.2.4.v20141103.jar
7f5e4a7c4000-7f5e4a7c6000 r--s 00009000 08:05 6294770                    /home/esu/.m2/repository/org/eclipse/jetty/jetty-jndi/9.2.4.v20141103/jetty-jndi-9.2.4.v20141103.jar
7f5e4a7c6000-7f5e4a7c8000 r--s 0000c000 08:05 6294768                    /home/esu/.m2/repository/org/eclipse/jetty/jetty-plus/9.2.4.v20141103/jetty-plus-9.2.4.v20141103.jar
7f5e4a7c8000-7f5e4a7cb000 r--s 00015000 08:05 6294765                    /home/esu/.m2/repository/org/eclipse/jetty/jetty-security/9.2.4.v20141103/jetty-security-9.2.4.v20141103.jar
7f5e4a7cb000-7f5e4a7cd000 r--s 00008000 08:05 6294764                    /home/esu/.m2/repository/org/eclipse/jetty/jetty-jaas/9.2.4.v20141103/jetty-jaas-9.2.4.v20141103.jar
7f5e4a7cd000-7f5e4a7ce000 r--s 00006000 08:05 6294769                    /home/esu/.m2/repository/org/eclipse/jetty/jetty-quickstart/9.2.4.v20141103/jetty-quickstart-9.2.4.v20141103.jar
7f5e4a7ce000-7f5e4a7d1000 r--s 0001a000 08:05 6294759                    /home/esu/.m2/repository/org/eclipse/jetty/jetty-servlet/9.2.4.v20141103/jetty-servlet-9.2.4.v20141103.jar
7f5e4a7d1000-7f5e4a7d2000 r--s 0000a000 08:05 6294758                    /home/esu/.m2/repository/org/eclipse/jetty/jetty-xml/9.2.4.v20141103/jetty-xml-9.2.4.v20141103.jar
7f5e4a7d2000-7f5e4a7d4000 r--s 00019000 08:05 6294757                    /home/esu/.m2/repository/org/eclipse/jetty/jetty-webapp/9.2.4.v20141103/jetty-webapp-9.2.4.v20141103.jar
7f5e4a7d4000-7f5e4a7da000 r--s 0004f000 08:05 6294760                    /home/esu/.m2/repository/org/eclipse/jetty/jetty-util/9.2.4.v20141103/jetty-util-9.2.4.v20141103.jar
7f5e4a7da000-7f5e4a7e2000 r--s 00049000 08:05 4458690                    /home/esu/.m2/repository/backport-util-concurrent/backport-util-concurrent/3.1/backport-util-concurrent-3.1.jar
7f5e4a7e2000-7f5e4a7e3000 r--s 00005000 08:05 6294753                    /home/esu/.m2/repository/org/apache/maven/plugin-tools/maven-plugin-tools-api/3.1/maven-plugin-tools-api-3.1.jar
7f5e4a7e3000-7f5e4a7e5000 r--s 00002000 08:05 3146640                    /home/esu/.m2/repository/org/sonatype/plexus/plexus-cipher/1.4/plexus-cipher-1.4.jar
7f5e4a7e5000-7f5e4a7e6000 r--s 00006000 08:05 3146636                    /home/esu/.m2/repository/org/sonatype/plexus/plexus-sec-dispatcher/1.3/plexus-sec-dispatcher-1.3.jar
7f5e4a7e6000-7f5e4a7e8000 r--s 0000d000 08:05 3146635                    /home/esu/.m2/repository/org/codehaus/plexus/plexus-interpolation/1.14/plexus-interpolation-1.14.jar
7f5e4a7e8000-7f5e4a7ec000 r--s 0001a000 08:05 6294752                    /home/esu/.m2/repository/org/sonatype/aether/aether-util/1.11/aether-util-1.11.jar
7f5e4a7ec000-7f5e4a7f0000 r--s 00033000 08:05 6294751                    /home/esu/.m2/repository/org/codehaus/plexus/plexus-utils/2.0.6/plexus-utils-2.0.6.jar
7f5e4a7f0000-7f5e4a7fc000 r--s 0006b000 08:05 4984110                    /home/esu/.m2/repository/org/sonatype/sisu/sisu-guice/2.9.4/sisu-guice-2.9.4-no_aop.jar
7f5e4a7fc000-7f5e4a802000 r--s 00033000 08:05 4852468                    /home/esu/.m2/repository/org/sonatype/sisu/sisu-inject-bean/2.1.1/sisu-inject-bean-2.1.1.jar
7f5e4a802000-7f5e4a804000 r--s 00016000 08:05 3018684                    /home/esu/.m2/repository/org/eclipse/jetty/jetty-maven-plugin/9.2.4.v20141103/jetty-maven-plugin-9.2.4.v20141103.jar
7f5e4a804000-7f5e4a807000 r--s 0001b000 08:05 4728598                    /home/esu/.m2/repository/junit/junit/3.8.2/junit-3.8.2.jar
7f5e4a807000-7f5e4a815000 r--s 0008f000 08:05 4728595                    /home/esu/.m2/repository/com/google/collections/google-collections/1.0/google-collections-1.0.jar
7f5e4a815000-7f5e4a816000 r--s 0000a000 08:05 4728593                    /home/esu/.m2/repository/commons-logging/commons-logging-api/1.1/commons-logging-api-1.1.jar
7f5e4a816000-7f5e4a81d000 r--s 00051000 08:05 4589606                    /home/esu/.m2/repository/log4j/log4j/1.2.12/log4j-1.2.12.jar
7f5e4a81d000-7f5e4a821000 r--s 0001d000 08:05 2889556                    /home/esu/.m2/repository/org/apache/xbean/xbean-reflect/3.4/xbean-reflect-3.4.jar
7f5e4a821000-7f5e4a822000 r--s 00004000 08:05 4589596                    /home/esu/.m2/repository/org/codehaus/plexus/plexus-compiler-javac/2.2/plexus-compiler-javac-2.2.jar
7f5e4a822000-7f5e4a824000 r--s 00000000 08:05 4589592                    /home/esu/.m2/repository/org/codehaus/plexus/plexus-compiler-manager/2.2/plexus-compiler-manager-2.2.jar
7f5e4a824000-7f5e4a826000 r--s 00005000 08:05 4458092                    /home/esu/.m2/repository/org/codehaus/plexus/plexus-compiler-api/2.2/plexus-compiler-api-2.2.jar
7f5e4a826000-7f5e4a828000 r--s 00002000 08:05 4195530                    /home/esu/.m2/repository/org/apache/maven/shared/maven-shared-incremental/1.1/maven-shared-incremental-1.1.jar
7f5e4a828000-7f5e4a82a000 r--s 00006000 08:05 3146648                    /home/esu/.m2/repository/com/google/code/findbugs/jsr305/2.0.1/jsr305-2.0.1.jar
7f5e4a82a000-7f5e4a82d000 r--s 00023000 08:05 4195527                    /home/esu/.m2/repository/org/apache/maven/shared/maven-shared-utils/0.1/maven-shared-utils-0.1.jar
7f5e4a82d000-7f5e4a831000 r--s 00030000 08:05 4064292                    /home/esu/.m2/repository/org/codehaus/plexus/plexus-utils/1.5.1/plexus-utils-1.5.1.jar
7f5e4a831000-7f5e4a833000 r--s 00009000 08:05 3937087                    /home/esu/.m2/repository/org/apache/maven/plugins/maven-compiler-plugin/3.1/maven-compiler-plugin-3.1.jar
7f5e4a833000-7f5e4a835000 r--s 0000d000 08:05 3804309                    /home/esu/.m2/repository/org/codehaus/plexus/plexus-interpolation/1.13/plexus-interpolation-1.13.jar
7f5e4a835000-7f5e4a836000 r--s 00001000 08:05 3804305                    /home/esu/.m2/repository/org/sonatype/plexus/plexus-build-api/0.0.4/plexus-build-api-0.0.4.jar
7f5e4a836000-7f5e4a838000 r--s 00009000 08:05 6293813                    /home/esu/.m2/repository/org/apache/maven/shared/maven-filtering/1.0/maven-filtering-1.0.jar
7f5e4a838000-7f5e4a83c000 r--s 00033000 08:05 3673167                    /home/esu/.m2/repository/org/codehaus/plexus/plexus-utils/2.0.5/plexus-utils-2.0.5.jar
7f5e4a83c000-7f5e4a83d000 r--s 00001000 08:05 3541018                    /home/esu/.m2/repository/org/apache/maven/doxia/doxia-sink-api/1.0-alpha-7/doxia-sink-api-1.0-alpha-7.jar
7f5e4a83d000-7f5e4a83e000 r--s 00002000 08:05 3541016                    /home/esu/.m2/repository/org/apache/maven/reporting/maven-reporting-api/2.0.6/maven-reporting-api-2.0.6.jar
7f5e4a83e000-7f5e4a840000 r--s 00005000 08:05 3276950                    /home/esu/.m2/repository/org/apache/maven/plugins/maven-resources-plugin/2.5/maven-resources-plugin-2.5.jar
7f5e4a840000-7f5e4a84e000 r--s 0007f000 08:05 3146654                    /home/esu/.m2/repository/commons-collections/commons-collections/3.2.1/commons-collections-3.2.1.jar
7f5e4a84e000-7f5e4a853000 r--s 00041000 08:05 6293780                    /home/esu/.m2/repository/commons-lang/commons-lang/2.6/commons-lang-2.6.jar
7f5e4a853000-7f5e4a855000 r--s 00006000 08:05 6293779                    /home/esu/.m2/repository/org/apache/maven/shared/maven-invoker/2.0.11/maven-invoker-2.0.11.jar
7f5e4a855000-7f5e4a857000 r--s 00006000 08:05 6293773                    /home/esu/.m2/repository/org/apache/maven/shared/maven-common-artifact-filters/1.4/maven-common-artifact-filters-1.4.jar
7f5e4a857000-7f5e4a859000 r--s 0000c000 08:05 6293772                    /home/esu/.m2/repository/org/apache/maven/shared/maven-dependency-tree/2.0/maven-dependency-tree-2.0.jar
7f5e4a859000-7f5e4a85b000 r--s 00000000 08:05 4458090                    /home/esu/.m2/repository/org/codehaus/plexus/plexus-component-annotations/1.5.5/plexus-component-annotations-1.5.5.jar
7f5e4a85b000-7f5e4a85c000 r--s 0000a000 08:05 4589959                    /home/esu/.m2/repository/asm/asm/3.3.1/asm-3.3.1.jar
7f5e4a85c000-7f5e4a85e000 r--s 00005000 08:05 6293771                    /home/esu/.m2/repository/org/apache/maven/shared/maven-dependency-analyzer/1.3/maven-dependency-analyzer-1.3.jar
7f5e4a85e000-7f5e4a861000 r--s 0000c000 08:05 6293765                    /home/esu/.m2/repository/org/codehaus/plexus/plexus-io/2.0.6/plexus-io-2.0.6.jar
7f5e4a861000-7f5e4a864000 r--s 0001b000 08:05 2762657                    /home/esu/.m2/repository/junit/junit/3.8.1/junit-3.8.1.jar
7f5e4a864000-7f5e4a866000 r--s 00008000 08:05 6165155                    /home/esu/.m2/repository/org/apache/maven/shared/maven-shared-io/1.1/maven-shared-io-1.1.jar
7f5e4a866000-7f5e4a868000 r--s 00008000 08:05 6165154                    /home/esu/.m2/repository/org/apache/maven/shared/file-management/1.2.1/file-management-1.2.1.jar
7f5e4a868000-7f5e4a86c000 r--s 00035000 08:05 6165153                    /home/esu/.m2/repository/org/codehaus/plexus/plexus-utils/3.0.9/plexus-utils-3.0.9.jar
7f5e4a86c000-7f5e4a871000 r--s 00029000 08:05 6165152                    /home/esu/.m2/repository/org/codehaus/plexus/plexus-archiver/2.2/plexus-archiver-2.2.jar
7f5e4a871000-7f5e4a873000 r--s 00004000 08:05 6165150                    /home/esu/.m2/repository/org/apache/maven/doxia/doxia-module-xhtml/1.0/doxia-module-xhtml-1.0.jar
7f5e4a873000-7f5e4a874000 r--s 00006000 08:05 6034318                    /home/esu/.m2/repository/org/apache/maven/doxia/doxia-module-xdoc/1.0/doxia-module-xdoc-1.0.jar
7f5e4a874000-7f5e4a875000 r--s 00004000 08:05 6034317                    /home/esu/.m2/repository/org/apache/maven/doxia/doxia-module-fml/1.0/doxia-module-fml-1.0.jar
7f5e4a875000-7f5e4a877000 r--s 0000a000 08:05 6034316                    /home/esu/.m2/repository/org/apache/maven/doxia/doxia-module-apt/1.0/doxia-module-apt-1.0.jar
7f5e4a877000-7f5e4a878000 r--s 0000b000 08:05 6034314                    /home/esu/.m2/repository/org/apache/maven/doxia/doxia-decoration-model/1.0/doxia-decoration-model-1.0.jar
7f5e4a878000-7f5e4a880000 r--s 00058000 08:05 3673186                    /home/esu/.m2/repository/org/apache/velocity/velocity/1.5/velocity-1.5.jar
7f5e4a880000-7f5e4a881000 r--s 00001000 08:05 3541134                    /home/esu/.m2/repository/org/codehaus/plexus/plexus-velocity/1.1.7/plexus-velocity-1.1.7.jar
7f5e4a881000-7f5e4a882000 r--s 00002000 08:05 4983032                    /home/esu/.m2/repository/org/codehaus/plexus/plexus-i18n/1.0-beta-7/plexus-i18n-1.0-beta-7.jar
7f5e4a882000-7f5e4a884000 r--s 0000a000 08:05 6034313                    /home/esu/.m2/repository/org/apache/maven/doxia/doxia-site-renderer/1.0/doxia-site-renderer-1.0.jar
7f5e4a884000-7f5e4a885000 r--s 00002000 08:05 3804467                    /home/esu/.m2/repository/org/apache/maven/doxia/doxia-sink-api/1.0/doxia-sink-api-1.0.jar
7f5e4a885000-7f5e4a88a000 r--s 00016000 08:05 3146599                    /home/esu/.m2/repository/xml-apis/xml-apis/1.0.b2/xml-apis-1.0.b2.jar
7f5e4a88a000-7f5e4a88c000 r--s 0000e000 08:05 4983036                    /home/esu/.m2/repository/oro/oro/2.0.8/oro-2.0.8.jar
7f5e4a88c000-7f5e4a88e000 r--s 00008000 08:05 4983986                    /home/esu/.m2/repository/commons-logging/commons-logging/1.0.4/commons-logging-1.0.4.jar
7f5e4a88e000-7f5e4a892000 r--s 00026000 08:05 4983899                    /home/esu/.m2/repository/commons-digester/commons-digester/1.6/commons-digester-1.6.jar
7f5e4a892000-7f5e4a897000 r--s 0002a000 08:05 4982896                    /home/esu/.m2/repository/commons-beanutils/commons-beanutils/1.7.0/commons-beanutils-1.7.0.jar
7f5e4a897000-7f5e4a89a000 r--s 00014000 08:05 6165147                    /home/esu/.m2/repository/commons-validator/commons-validator/1.2.0/commons-validator-1.2.0.jar
7f5e4a89a000-7f5e4a89d000 r--s 00018000 08:05 4983055                    /home/esu/.m2/repository/commons-io/commons-io/1.4/commons-io-1.4.jar
7f5e4a89d000-7f5e4a89f000 r--s 00009000 08:05 6165146                    /home/esu/.m2/repository/org/apache/maven/shared/maven-doxia-tools/1.0.2/maven-doxia-tools-1.0.2.jar
7f5e4a89f000-7f5e4a8a2000 r--s 0000b000 08:05 6034310                    /home/esu/.m2/repository/org/apache/maven/doxia/doxia-core/1.0/doxia-core-1.0.jar
7f5e4a8a2000-7f5e4a8a4000 r--s 00004000 08:05 6034309                    /home/esu/.m2/repository/org/apache/maven/reporting/maven-reporting-impl/2.0.5/maven-reporting-impl-2.0.5.jar
7f5e4a8a4000-7f5e4a8a5000 r--s 00002000 08:05 4851944                    /home/esu/.m2/repository/org/apache/maven/reporting/maven-reporting-api/3.0/maven-reporting-api-3.0.jar
7f5e4a8a5000-7f5e4a8a7000 r--s 00002000 08:05 3673166                    /home/esu/.m2/repository/org/codehaus/plexus/plexus-interactivity-api/1.0-alpha-4/plexus-interactivity-api-1.0-alpha-4.jar
7f5e4a8a7000-7f5e4a8a9000 r--s 00006000 08:05 3673161                    /home/esu/.m2/repository/commons-cli/commons-cli/1.0/commons-cli-1.0.jar
7f5e4a8a9000-7f5e4a8ac000 r--s 00021000 08:05 3276956                    /home/esu/.m2/repository/org/apache/maven/plugins/maven-dependency-plugin/2.6/maven-dependency-plugin-2.6.jar
7f5e4a8ac000-7f5e4aaac000 rw-p 00000000 00:00 0 
7f5e4aaac000-7f5e4aabd000 r-xp 00000000 08:01 1347342                    /opt/java/jdk1.8.0_162/jre/lib/amd64/libnio.so
7f5e4aabd000-7f5e4acbc000 ---p 00011000 08:01 1347342                    /opt/java/jdk1.8.0_162/jre/lib/amd64/libnio.so
7f5e4acbc000-7f5e4acbd000 rw-p 00010000 08:01 1347342                    /opt/java/jdk1.8.0_162/jre/lib/amd64/libnio.so
7f5e4acbd000-7f5e4acd3000 r-xp 00000000 08:01 1347339                    /opt/java/jdk1.8.0_162/jre/lib/amd64/libnet.so
7f5e4acd3000-7f5e4aed3000 ---p 00016000 08:01 1347339                    /opt/java/jdk1.8.0_162/jre/lib/amd64/libnet.so
7f5e4aed3000-7f5e4aed4000 rw-p 00016000 08:01 1347339                    /opt/java/jdk1.8.0_162/jre/lib/amd64/libnet.so
7f5e4aed4000-7f5e4aed7000 ---p 00000000 00:00 0 
7f5e4aed7000-7f5e4b10d000 rw-p 00000000 00:00 0 
7f5e4b10d000-7f5e4b112000 r--s 0009d000 08:01 1344431                    /opt/java/jdk1.8.0_162/jre/lib/jsse.jar
7f5e4b112000-7f5e4b312000 rw-p 00000000 00:00 0 
7f5e4b312000-7f5e4b314000 r--s 0000d000 08:05 4728872                    /home/esu/netbeans-8.2/java/maven-nblib/netbeans-eventspy.jar
7f5e4b314000-7f5e4b318000 r--s 00021000 08:05 4728845                    /home/esu/netbeans-8.2/java/maven/lib/maven-model-builder-3.0.5.jar
7f5e4b318000-7f5e4b31a000 r--s 00006000 08:05 4728831                    /home/esu/netbeans-8.2/java/maven/lib/maven-repository-metadata-3.0.5.jar
7f5e4b31a000-7f5e4b31c000 r--s 0000a000 08:05 4728868                    /home/esu/netbeans-8.2/java/maven/lib/maven-settings-3.0.5.jar
7f5e4b31c000-7f5e4b31e000 r--s 00002000 08:05 4728881                    /home/esu/netbeans-8.2/java/maven/lib/plexus-cipher-1.7.jar
7f5e4b31e000-7f5e4b31f000 ---p 00000000 00:00 0 
7f5e4b31f000-7f5e4b41f000 rw-p 00000000 00:00 0 
7f5e4b41f000-7f5e4b422000 ---p 00000000 00:00 0 
7f5e4b422000-7f5e4b520000 rw-p 00000000 00:00 0 
7f5e4b520000-7f5e4b523000 ---p 00000000 00:00 0 
7f5e4b523000-7f5e4b621000 rw-p 00000000 00:00 0 
7f5e4b621000-7f5e4b624000 ---p 00000000 00:00 0 
7f5e4b624000-7f5e4b722000 rw-p 00000000 00:00 0 
7f5e4b722000-7f5e4b725000 ---p 00000000 00:00 0 
7f5e4b725000-7f5e4b823000 rw-p 00000000 00:00 0 
7f5e4b823000-7f5e4bafb000 r--p 00000000 08:01 793726                     /usr/lib/locale/locale-archive
7f5e4bafb000-7f5e4bafe000 ---p 00000000 00:00 0 
7f5e4bafe000-7f5e4bbfc000 rw-p 00000000 00:00 0 
7f5e4bbfc000-7f5e4bbff000 ---p 00000000 00:00 0 
7f5e4bbff000-7f5e4bcfd000 rw-p 00000000 00:00 0 
7f5e4bcfd000-7f5e4bcfe000 ---p 00000000 00:00 0 
7f5e4bcfe000-7f5e4c000000 rw-p 00000000 00:00 0 
7f5e4c000000-7f5e4c021000 rw-p 00000000 00:00 0 
7f5e4c021000-7f5e50000000 ---p 00000000 00:00 0 
7f5e50000000-7f5e50001000 r--p 00000000 00:00 0 
7f5e50001000-7f5e50004000 r--s 0001d000 08:05 4728876                    /home/esu/netbeans-8.2/java/maven/lib/aether-impl-1.13.1.jar
7f5e50004000-7f5e50005000 r--s 00006000 08:05 4728846                    /home/esu/netbeans-8.2/java/maven/lib/plexus-sec-dispatcher-1.3.jar
7f5e50005000-7f5e50007000 r--s 0000b000 08:05 4728861                    /home/esu/netbeans-8.2/java/maven/lib/maven-plugin-api-3.0.5.jar
7f5e50007000-7f5e5000f000 r--s 00050000 08:05 4728854                    /home/esu/netbeans-8.2/java/maven/lib/sisu-guice-3.1.0-no_aop.jar
7f5e5000f000-7f5e50011000 r--s 00006000 08:05 4728836                    /home/esu/netbeans-8.2/java/maven/lib/aether-connector-wagon-1.13.1.jar
7f5e50011000-7f5e50015000 r--s 00013000 08:05 4728882                    /home/esu/netbeans-8.2/java/maven/lib/aether-api-1.13.1.jar
7f5e50015000-7f5e50034000 r--s 00154000 08:05 4728888                    /home/esu/netbeans-8.2/java/maven/lib/sisu-guava-0.9.9.jar
7f5e50034000-7f5e50063000 r--s 001c8000 08:05 4728860                    /home/esu/netbeans-8.2/java/maven/lib/wagon-http-2.10-shaded.jar
7f5e50063000-7f5e500f9000 r--s 0110a000 08:01 1347497                    /opt/java/jdk1.8.0_162/jre/lib/ext/jfxrt.jar
7f5e500f9000-7f5e51000000 rw-p 00000000 00:00 0 
7f5e51000000-7f5e51910000 rwxp 00000000 00:00 0 
7f5e51910000-7f5e60000000 ---p 00000000 00:00 0 
7f5e60000000-7f5e6112a000 rw-p 00000000 00:00 0 
7f5e6112a000-7f5e64000000 ---p 00000000 00:00 0 
7f5e64000000-7f5e64001000 r--s 0000a000 08:05 4728867                    /home/esu/netbeans-8.2/java/maven/lib/maven-embedder-3.0.5.jar
7f5e64001000-7f5e64002000 r--s 00002000 08:05 4728889                    /home/esu/netbeans-8.2/java/maven/lib/wagon-file-2.10.jar
7f5e64002000-7f5e64004000 r--s 0000b000 08:05 4728855                    /home/esu/netbeans-8.2/java/maven/lib/wagon-provider-api-2.10.jar
7f5e64004000-7f5e64005000 r--s 00002000 08:05 4728863                    /home/esu/netbeans-8.2/java/maven/lib/wagon-http-shared-2.10.jar
7f5e64005000-7f5e64009000 r--s 0001c000 08:05 4728877                    /home/esu/netbeans-8.2/java/maven/lib/aether-util-1.13.1.jar
7f5e64009000-7f5e6400b000 r--s 00000000 08:05 4728828                    /home/esu/netbeans-8.2/java/maven/lib/plexus-component-annotations-1.5.5.jar
7f5e6400b000-7f5e64012000 r--s 0003f000 08:05 4728862                    /home/esu/netbeans-8.2/java/maven/lib/sisu-inject-bean-2.3.0.jar
7f5e64012000-7f5e64019000 r--s 0002b000 08:05 4728852                    /home/esu/netbeans-8.2/java/maven/lib/sisu-inject-plexus-2.3.0.jar
7f5e64019000-7f5e6401a000 r--s 00003000 08:05 4728883                    /home/esu/netbeans-8.2/java/maven/lib/aether-spi-1.13.1.jar
7f5e6401a000-7f5e6401c000 r--s 00009000 08:05 4728890                    /home/esu/netbeans-8.2/java/maven/lib/commons-cli-1.2.jar
7f5e6401c000-7f5e6401e000 r--s 0000d000 08:05 4728847                    /home/esu/netbeans-8.2/java/maven/lib/plexus-interpolation-1.14.jar
7f5e6401e000-7f5e64022000 r--s 00033000 08:05 4728875                    /home/esu/netbeans-8.2/java/maven/lib/plexus-utils-2.0.6.jar
7f5e64022000-7f5e64024000 r--s 0000b000 08:05 4728866                    /home/esu/netbeans-8.2/java/maven/lib/maven-artifact-3.0.5.jar
7f5e64024000-7f5e64026000 r--s 00026000 08:05 4728880                    /home/esu/netbeans-8.2/java/maven/lib/maven-model-3.0.5.jar
7f5e64026000-7f5e64029000 r--s 00008000 08:05 4728837                    /home/esu/netbeans-8.2/java/maven/lib/maven-settings-builder-3.0.5.jar
7f5e64029000-7f5e64099000 rw-p 00000000 00:00 0 
7f5e64099000-7f5e64272000 r--s 03d65000 08:01 1344426                    /opt/java/jdk1.8.0_162/jre/lib/rt.jar
7f5e64272000-7f5e663b6000 rw-p 00000000 00:00 0 
7f5e663b6000-7f5e663b7000 ---p 00000000 00:00 0 
7f5e663b7000-7f5e664b7000 rw-p 00000000 00:00 0 
7f5e664b7000-7f5e664b8000 ---p 00000000 00:00 0 
7f5e664b8000-7f5e665cd000 rw-p 00000000 00:00 0 
7f5e665cd000-7f5e66702000 ---p 00000000 00:00 0 
7f5e66702000-7f5e66717000 rw-p 00000000 00:00 0 
7f5e66717000-7f5e6684b000 ---p 00000000 00:00 0 
7f5e6684b000-7f5e66891000 rw-p 00000000 00:00 0 
7f5e66891000-7f5e668f0000 ---p 00000000 00:00 0 
7f5e668f0000-7f5e66916000 rw-p 00000000 00:00 0 
7f5e66916000-7f5e66cb1000 ---p 00000000 00:00 0 
7f5e66cb1000-7f5e66ccc000 r-xp 00000000 08:01 1347335                    /opt/java/jdk1.8.0_162/jre/lib/amd64/libzip.so
7f5e66ccc000-7f5e66ecc000 ---p 0001b000 08:01 1347335                    /opt/java/jdk1.8.0_162/jre/lib/amd64/libzip.so
7f5e66ecc000-7f5e66ecd000 rw-p 0001b000 08:01 1347335                    /opt/java/jdk1.8.0_162/jre/lib/amd64/libzip.so
7f5e66ecd000-7f5e66ed8000 r-xp 00000000 08:01 1708668                    /lib/x86_64-linux-gnu/libnss_files-2.23.so
7f5e66ed8000-7f5e670d7000 ---p 0000b000 08:01 1708668                    /lib/x86_64-linux-gnu/libnss_files-2.23.so
7f5e670d7000-7f5e670d8000 r--p 0000a000 08:01 1708668                    /lib/x86_64-linux-gnu/libnss_files-2.23.so
7f5e670d8000-7f5e670d9000 rw-p 0000b000 08:01 1708668                    /lib/x86_64-linux-gnu/libnss_files-2.23.so
7f5e670d9000-7f5e670df000 rw-p 00000000 00:00 0 
7f5e670df000-7f5e670ea000 r-xp 00000000 08:01 1723520                    /lib/x86_64-linux-gnu/libnss_nis-2.23.so
7f5e670ea000-7f5e672e9000 ---p 0000b000 08:01 1723520                    /lib/x86_64-linux-gnu/libnss_nis-2.23.so
7f5e672e9000-7f5e672ea000 r--p 0000a000 08:01 1723520                    /lib/x86_64-linux-gnu/libnss_nis-2.23.so
7f5e672ea000-7f5e672eb000 rw-p 0000b000 08:01 1723520                    /lib/x86_64-linux-gnu/libnss_nis-2.23.so
7f5e672eb000-7f5e67301000 r-xp 00000000 08:01 1708589                    /lib/x86_64-linux-gnu/libnsl-2.23.so
7f5e67301000-7f5e67500000 ---p 00016000 08:01 1708589                    /lib/x86_64-linux-gnu/libnsl-2.23.so
7f5e67500000-7f5e67501000 r--p 00015000 08:01 1708589                    /lib/x86_64-linux-gnu/libnsl-2.23.so
7f5e67501000-7f5e67502000 rw-p 00016000 08:01 1708589                    /lib/x86_64-linux-gnu/libnsl-2.23.so
7f5e67502000-7f5e67504000 rw-p 00000000 00:00 0 
7f5e67504000-7f5e6750c000 r-xp 00000000 08:01 1708640                    /lib/x86_64-linux-gnu/libnss_compat-2.23.so
7f5e6750c000-7f5e6770b000 ---p 00008000 08:01 1708640                    /lib/x86_64-linux-gnu/libnss_compat-2.23.so
7f5e6770b000-7f5e6770c000 r--p 00007000 08:01 1708640                    /lib/x86_64-linux-gnu/libnss_compat-2.23.so
7f5e6770c000-7f5e6770d000 rw-p 00008000 08:01 1708640                    /lib/x86_64-linux-gnu/libnss_compat-2.23.so
7f5e6770d000-7f5e67738000 r-xp 00000000 08:01 1347329                    /opt/java/jdk1.8.0_162/jre/lib/amd64/libjava.so
7f5e67738000-7f5e67937000 ---p 0002b000 08:01 1347329                    /opt/java/jdk1.8.0_162/jre/lib/amd64/libjava.so
7f5e67937000-7f5e67939000 rw-p 0002a000 08:01 1347329                    /opt/java/jdk1.8.0_162/jre/lib/amd64/libjava.so
7f5e67939000-7f5e67946000 r-xp 00000000 08:01 1347334                    /opt/java/jdk1.8.0_162/jre/lib/amd64/libverify.so
7f5e67946000-7f5e67b46000 ---p 0000d000 08:01 1347334                    /opt/java/jdk1.8.0_162/jre/lib/amd64/libverify.so
7f5e67b46000-7f5e67b48000 rw-p 0000d000 08:01 1347334                    /opt/java/jdk1.8.0_162/jre/lib/amd64/libverify.so
7f5e67b48000-7f5e67b4f000 r-xp 00000000 08:01 1723522                    /lib/x86_64-linux-gnu/librt-2.23.so
7f5e67b4f000-7f5e67d4e000 ---p 00007000 08:01 1723522                    /lib/x86_64-linux-gnu/librt-2.23.so
7f5e67d4e000-7f5e67d4f000 r--p 00006000 08:01 1723522                    /lib/x86_64-linux-gnu/librt-2.23.so
7f5e67d4f000-7f5e67d50000 rw-p 00007000 08:01 1723522                    /lib/x86_64-linux-gnu/librt-2.23.so
7f5e67d50000-7f5e67e58000 r-xp 00000000 08:01 1708571                    /lib/x86_64-linux-gnu/libm-2.23.so
7f5e67e58000-7f5e68057000 ---p 00108000 08:01 1708571                    /lib/x86_64-linux-gnu/libm-2.23.so
7f5e68057000-7f5e68058000 r--p 00107000 08:01 1708571                    /lib/x86_64-linux-gnu/libm-2.23.so
7f5e68058000-7f5e68059000 rw-p 00108000 08:01 1708571                    /lib/x86_64-linux-gnu/libm-2.23.so
7f5e68059000-7f5e68d32000 r-xp 00000000 08:01 1347357                    /opt/java/jdk1.8.0_162/jre/lib/amd64/server/libjvm.so
7f5e68d32000-7f5e68f31000 ---p 00cd9000 08:01 1347357                    /opt/java/jdk1.8.0_162/jre/lib/amd64/server/libjvm.so
7f5e68f31000-7f5e6900b000 rw-p 00cd8000 08:01 1347357                    /opt/java/jdk1.8.0_162/jre/lib/amd64/server/libjvm.so
7f5e6900b000-7f5e69056000 rw-p 00000000 00:00 0 
7f5e69056000-7f5e69216000 r-xp 00000000 08:01 1708602                    /lib/x86_64-linux-gnu/libc-2.23.so
7f5e69216000-7f5e69416000 ---p 001c0000 08:01 1708602                    /lib/x86_64-linux-gnu/libc-2.23.so
7f5e69416000-7f5e6941a000 r--p 001c0000 08:01 1708602                    /lib/x86_64-linux-gnu/libc-2.23.so
7f5e6941a000-7f5e6941c000 rw-p 001c4000 08:01 1708602                    /lib/x86_64-linux-gnu/libc-2.23.so
7f5e6941c000-7f5e69420000 rw-p 00000000 00:00 0 
7f5e69420000-7f5e69423000 r-xp 00000000 08:01 1708621                    /lib/x86_64-linux-gnu/libdl-2.23.so
7f5e69423000-7f5e69622000 ---p 00003000 08:01 1708621                    /lib/x86_64-linux-gnu/libdl-2.23.so
7f5e69622000-7f5e69623000 r--p 00002000 08:01 1708621                    /lib/x86_64-linux-gnu/libdl-2.23.so
7f5e69623000-7f5e69624000 rw-p 00003000 08:01 1708621                    /lib/x86_64-linux-gnu/libdl-2.23.so
7f5e69624000-7f5e6963a000 r-xp 00000000 08:01 1343600                    /opt/java/jdk1.8.0_162/lib/amd64/jli/libjli.so
7f5e6963a000-7f5e69839000 ---p 00016000 08:01 1343600                    /opt/java/jdk1.8.0_162/lib/amd64/jli/libjli.so
7f5e69839000-7f5e6983a000 rw-p 00015000 08:01 1343600                    /opt/java/jdk1.8.0_162/lib/amd64/jli/libjli.so
7f5e6983a000-7f5e69852000 r-xp 00000000 08:01 1708596                    /lib/x86_64-linux-gnu/libpthread-2.23.so
7f5e69852000-7f5e69a51000 ---p 00018000 08:01 1708596                    /lib/x86_64-linux-gnu/libpthread-2.23.so
7f5e69a51000-7f5e69a52000 r--p 00017000 08:01 1708596                    /lib/x86_64-linux-gnu/libpthread-2.23.so
7f5e69a52000-7f5e69a53000 rw-p 00018000 08:01 1708596                    /lib/x86_64-linux-gnu/libpthread-2.23.so
7f5e69a53000-7f5e69a57000 rw-p 00000000 00:00 0 
7f5e69a57000-7f5e69a7d000 r-xp 00000000 08:01 1708592                    /lib/x86_64-linux-gnu/ld-2.23.so
7f5e69a7d000-7f5e69a89000 r--s 0007d000 08:05 4728887                    /home/esu/netbeans-8.2/java/maven/lib/maven-core-3.0.5.jar
7f5e69a89000-7f5e69b4e000 rw-p 00000000 00:00 0 
7f5e69b4e000-7f5e69b51000 ---p 00000000 00:00 0 
7f5e69b51000-7f5e69c53000 rw-p 00000000 00:00 0 
7f5e69c53000-7f5e69c55000 r--s 0000c000 08:05 4728839                    /home/esu/netbeans-8.2/java/maven/lib/maven-aether-provider-3.0.5.jar
7f5e69c55000-7f5e69c5b000 r--s 0003f000 08:05 4728878                    /home/esu/netbeans-8.2/java/maven/lib/maven-compat-3.0.5.jar
7f5e69c5b000-7f5e69c5d000 r--s 0000a000 08:05 4728857                    /home/esu/netbeans-8.2/java/maven/boot/plexus-classworlds-2.4.jar
7f5e69c5d000-7f5e69c71000 rw-p 00000000 00:00 0 
7f5e69c71000-7f5e69c79000 rw-s 00000000 08:01 537155                     /tmp/hsperfdata_esu/11573
7f5e69c79000-7f5e69c7a000 rw-p 00000000 00:00 0 
7f5e69c7a000-7f5e69c7b000 r--p 00000000 00:00 0 
7f5e69c7b000-7f5e69c7c000 rw-p 00000000 00:00 0 
7f5e69c7c000-7f5e69c7d000 r--p 00025000 08:01 1708592                    /lib/x86_64-linux-gnu/ld-2.23.so
7f5e69c7d000-7f5e69c7e000 rw-p 00026000 08:01 1708592                    /lib/x86_64-linux-gnu/ld-2.23.so
7f5e69c7e000-7f5e69c7f000 rw-p 00000000 00:00 0 
7fff7ad08000-7fff7ad29000 rw-p 00000000 00:00 0                          [stack]
7fff7ad6b000-7fff7ad6d000 r--p 00000000 00:00 0                          [vvar]
7fff7ad6d000-7fff7ad6f000 r-xp 00000000 00:00 0                          [vdso]
ffffffffff600000-ffffffffff601000 r-xp 00000000 00:00 0                  [vsyscall]

VM Arguments:
jvm_args: -Dclassworlds.conf=/home/esu/netbeans-8.2/java/maven/bin/m2.conf -Dmaven.home=/home/esu/netbeans-8.2/java/maven 
java_command: org.codehaus.plexus.classworlds.launcher.Launcher -Dmaven.ext.class.path=/home/esu/netbeans-8.2/java/maven-nblib/netbeans-eventspy.jar jetty:run
java_class_path (initial): /home/esu/netbeans-8.2/java/maven/boot/plexus-classworlds-2.4.jar
Launcher Type: SUN_STANDARD

Environment Variables:
JAVA_HOME=/opt/java/jdk1.8.0_162
PATH=/usr/local/sbin:/usr/local/bin:/usr/sbin:/usr/bin:/sbin:/bin:/usr/games:/usr/local/games:/usr/lib/jvm/java-8-oracle/bin:/usr/lib/jvm/java-8-oracle/db/bin:/usr/lib/jvm/java-8-oracle/jre/bin
USERNAME=esu
LD_LIBRARY_PATH=/opt/java/jdk1.8.0_162/jre/lib/amd64:/opt/java/jdk1.8.0_162/jre/lib/i386:
SHELL=/bin/bash
DISPLAY=:0.0

Signal Handlers:
SIGSEGV: [libjvm.so+0xad03c0], sa_mask[0]=11111111011111111101111111111110, sa_flags=SA_RESTART|SA_SIGINFO
SIGBUS: [libjvm.so+0xad03c0], sa_mask[0]=11111111011111111101111111111110, sa_flags=SA_RESTART|SA_SIGINFO
SIGFPE: [libjvm.so+0x928210], sa_mask[0]=11111111011111111101111111111110, sa_flags=SA_RESTART|SA_SIGINFO
SIGPIPE: [libjvm.so+0x928210], sa_mask[0]=11111111011111111101111111111110, sa_flags=SA_RESTART|SA_SIGINFO
SIGXFSZ: [libjvm.so+0x928210], sa_mask[0]=11111111011111111101111111111110, sa_flags=SA_RESTART|SA_SIGINFO
SIGILL: [libjvm.so+0x928210], sa_mask[0]=11111111011111111101111111111110, sa_flags=SA_RESTART|SA_SIGINFO
SIGUSR1: SIG_DFL, sa_mask[0]=00000000000000000000000000000000, sa_flags=none
SIGUSR2: [libjvm.so+0x929a70], sa_mask[0]=00100000000000000000000000000000, sa_flags=SA_RESTART|SA_SIGINFO
SIGHUP: [libjvm.so+0x92ae70], sa_mask[0]=11111111011111111101111111111110, sa_flags=SA_RESTART|SA_SIGINFO
SIGINT: SIG_IGN, sa_mask[0]=00000000000000000000000000000000, sa_flags=none
SIGTERM: [libjvm.so+0x92ae70], sa_mask[0]=11111111011111111101111111111110, sa_flags=SA_RESTART|SA_SIGINFO
SIGQUIT: [libjvm.so+0x92ae70], sa_mask[0]=11111111011111111101111111111110, sa_flags=SA_RESTART|SA_SIGINFO


---------------  S Y S T E M  ---------------

OS:DISTRIB_ID=LinuxMint
DISTRIB_RELEASE=18
DISTRIB_CODENAME=sarah
DISTRIB_DESCRIPTION="Linux Mint 18 Sarah"

uname:Linux 4.4.0-96-generic #119-Ubuntu SMP Tue Sep 12 14:59:54 UTC 2017 x86_64
libc:glibc 2.23 NPTL 2.23 
rlimit: STACK 8192k, CORE 0k, NPROC 15637, NOFILE 1048576, AS infinity
load average:0.23 0.47 0.51

/proc/meminfo:
MemTotal:        4045204 kB
MemFree:          582016 kB
MemAvailable:     853956 kB
Buffers:           40492 kB
Cached:           514620 kB
SwapCached:         8444 kB
Active:          2274784 kB
Inactive:         957128 kB
Active(anon):    2006600 kB
Inactive(anon):   766756 kB
Active(file):     268184 kB
Inactive(file):   190372 kB
Unevictable:          48 kB
Mlocked:              48 kB
SwapTotal:       9765620 kB
SwapFree:        9516172 kB
Dirty:               548 kB
Writeback:             0 kB
AnonPages:       2673900 kB
Mapped:           316072 kB
Shmem:             96280 kB
Slab:              78776 kB
SReclaimable:      39156 kB
SUnreclaim:        39620 kB
KernelStack:       11888 kB
PageTables:        46180 kB
NFS_Unstable:          0 kB
Bounce:                0 kB
WritebackTmp:          0 kB
CommitLimit:    11788220 kB
Committed_AS:    8143620 kB
VmallocTotal:   34359738367 kB
VmallocUsed:           0 kB
VmallocChunk:          0 kB
HardwareCorrupted:     0 kB
AnonHugePages:   1394688 kB
CmaTotal:              0 kB
CmaFree:               0 kB
HugePages_Total:       0
HugePages_Free:        0
HugePages_Rsvd:        0
HugePages_Surp:        0
Hugepagesize:       2048 kB
DirectMap4k:      211904 kB
DirectMap2M:     3981312 kB


CPU:total 2 (initial active 2) (2 cores per cpu, 1 threads per core) family 6 model 23 stepping 10, cmov, cx8, fxsr, mmx, sse, sse2, sse3, ssse3, sse4.1, tsc

/proc/cpuinfo:
processor	: 0
vendor_id	: GenuineIntel
cpu family	: 6
model		: 23
model name	: Intel(R) Core(TM)2 Duo CPU     E8400  @ 3.00GHz
stepping	: 10
microcode	: 0xa0b
cpu MHz		: 3996.000
cache size	: 6144 KB
physical id	: 0
siblings	: 2
core id		: 0
cpu cores	: 2
apicid		: 0
initial apicid	: 0
fpu		: yes
fpu_exception	: yes
cpuid level	: 13
wp		: yes
flags		: fpu vme de pse tsc msr pae mce cx8 apic sep mtrr pge mca cmov pat pse36 clflush dts acpi mmx fxsr sse sse2 ss ht tm pbe syscall nx lm constant_tsc arch_perfmon pebs bts rep_good nopl aperfmperf pni dtes64 monitor ds_cpl vmx smx est tm2 ssse3 cx16 xtpr pdcm sse4_1 xsave lahf_lm tpr_shadow vnmi flexpriority dtherm
bugs		:
bogomips	: 7996.22
clflush size	: 64
cache_alignment	: 64
address sizes	: 36 bits physical, 48 bits virtual
power management:

processor	: 1
vendor_id	: GenuineIntel
cpu family	: 6
model		: 23
model name	: Intel(R) Core(TM)2 Duo CPU     E8400  @ 3.00GHz
stepping	: 10
microcode	: 0xa0b
cpu MHz		: 3996.000
cache size	: 6144 KB
physical id	: 0
siblings	: 2
core id		: 1
cpu cores	: 2
apicid		: 1
initial apicid	: 1
fpu		: yes
fpu_exception	: yes
cpuid level	: 13
wp		: yes
flags		: fpu vme de pse tsc msr pae mce cx8 apic sep mtrr pge mca cmov pat pse36 clflush dts acpi mmx fxsr sse sse2 ss ht tm pbe syscall nx lm constant_tsc arch_perfmon pebs bts rep_good nopl aperfmperf pni dtes64 monitor ds_cpl vmx smx est tm2 ssse3 cx16 xtpr pdcm sse4_1 xsave lahf_lm tpr_shadow vnmi flexpriority dtherm
bugs		:
bogomips	: 7996.22
clflush size	: 64
cache_alignment	: 64
address sizes	: 36 bits physical, 48 bits virtual
power management:



Memory: 4k page, physical 4045204k(582016k free), swap 9765620k(9516172k free)

vm_info: Java HotSpot(TM) 64-Bit Server VM (25.162-b12) for linux-amd64 JRE (1.8.0_162-b12), built on Dec 19 2017 21:15:48 by "java_re" with gcc 4.3.0 20080428 (Red Hat 4.3.0-8)

time: Sat Apr 14 23:06:31 2018
elapsed time: 2 seconds (0d 0h 0m 2s)

